#
# A fatal error has been detected by the Java Runtime Environment:
#
#  SIGSEGV (0xb) at pc=0x00007fdb58ed4aa6, pid=7795, tid=7809
#
# JRE version: OpenJDK Runtime Environment (11.0.14.1+1) (build 11.0.14.1+1-post-Debian-1)
# Java VM: OpenJDK 64-Bit Server VM (11.0.14.1+1-post-Debian-1, mixed mode, sharing, tiered, compressed oops, g1 gc, linux-amd64)
# Problematic frame:
# V  [libjvm.so+0x661aa6]
#
# No core dump will be written. Core dumps have been disabled. To enable core dumping, try "ulimit -c unlimited" before starting Java again
#
# If you would like to submit a bug report, please visit:
#   https://bugs.debian.org/openjdk-11
#

---------------  S U M M A R Y ------------

Command Line: -agentlib:jdwp=transport=dt_socket,suspend=y,address=localhost:39827 -ea -javaagent:/home/hermann/eclipse/java-2022-03/eclipse/configuration/org.eclipse.osgi/217/0/.cp/lib/javaagent-shaded.jar -Dfile.encoding=UTF-8 -Dawt.useSystemAAFontSettings=on -Dswing.aatext=true org.eclipse.jdt.internal.junit.runner.RemoteTestRunner -version 3 -port 33429 -testLoaderClass org.eclipse.jdt.internal.junit4.runner.JUnit4TestLoader -loaderpluginname org.eclipse.jdt.junit4.runtime -classNames it.uniroma3.diadia.ambienti.StanzaTest

Host: Intel(R) Core(TM) i3-10110U CPU @ 2.10GHz, 4 cores, 15G, Kali GNU/Linux Rolling
Time: Wed May  4 02:48:55 2022 CEST elapsed time: 129.433613 seconds (0d 0h 2m 9s)

---------------  T H R E A D  ---------------

Current thread (0x00007fdb5421b000):  VMThread "VM Thread" [stack: 0x00007fdb2c210000,0x00007fdb2c310000] [id=7809]

Stack: [0x00007fdb2c210000,0x00007fdb2c310000],  sp=0x00007fdb2c30df78,  free space=1015k
Native frames: (J=compiled Java code, A=aot compiled Java code, j=interpreted, Vv=VM code, C=native code)
V  [libjvm.so+0x661aa6]
V  [libjvm.so+0x7d289e]
V  [libjvm.so+0x7d3521]
V  [libjvm.so+0x7d37f3]
V  [libjvm.so+0xbbfec6]
V  [libjvm.so+0xbc0b5b]
V  [libjvm.so+0xbc1055]
V  [libjvm.so+0xb62876]
V  [libjvm.so+0x9f6b1a]
V  [libjvm.so+0xe859cf]
V  [libjvm.so+0xe8b76c]
V  [libjvm.so+0xe8bd8f]
V  [libjvm.so+0xe8c0f2]
V  [libjvm.so+0xe14f1c]
V  [libjvm.so+0xbd771e]


siginfo: si_signo: 11 (SIGSEGV), si_code: 2 (SEGV_ACCERR), si_addr: 0x00007fdb2c869b32

Register to memory mapping:

RAX=0x00007fdb2c7fb670 is pointing into metadata
RBX=0x00007fdb2c30e660 points into unknown readable memory: 0x00007fdb599d0400 | 00 04 9d 59 db 7f 00 00
RCX=0x00000000000000ca is an unknown value
RDX=0x00007fdb2c7fd748 is pointing into metadata
RSP=0x00007fdb2c30df78 points into unknown readable memory: 0x00007fdb590419b0 | b0 19 04 59 db 7f 00 00
RBP=0x00007fdb2c30e410 points into unknown readable memory: 0x00007fdb2c30e4a0 | a0 e4 30 2c db 7f 00 00
RSI=0x000000000000dc90 is an unknown value
RDI=0x00007fdb2c7fb670 is pointing into metadata
R8 =0x000000000000000c is an unknown value
R9 =0x00007fdb2c7fa1cc is pointing into metadata
R10=0x0 is NULL
R11=0x000000000000001c is an unknown value
R12=0x00007fdb2c30df90 points into unknown readable memory: 0x0000000046000004 | 04 00 00 46 00 00 00 00
R13=0x000000000000000c is an unknown value
R14=0x00007fdb2c30dfa0 points into unknown readable memory: 0x00007fdb599cc9f0 | f0 c9 9c 59 db 7f 00 00
R15=0x0 is NULL


Registers:
RAX=0x00007fdb2c7fb670, RBX=0x00007fdb2c30e660, RCX=0x00000000000000ca, RDX=0x00007fdb2c7fd748
RSP=0x00007fdb2c30df78, RBP=0x00007fdb2c30e410, RSI=0x000000000000dc90, RDI=0x00007fdb2c7fb670
R8 =0x000000000000000c, R9 =0x00007fdb2c7fa1cc, R10=0x0000000000000000, R11=0x000000000000001c
R12=0x00007fdb2c30df90, R13=0x000000000000000c, R14=0x00007fdb2c30dfa0, R15=0x0000000000000000
RIP=0x00007fdb58ed4aa6, EFLAGS=0x0000000000010202, CSGSFS=0x002b000000000033, ERR=0x0000000000000004
  TRAPNO=0x000000000000000e

Top of Stack: (sp=0x00007fdb2c30df78)
0x00007fdb2c30df78:   00007fdb590419b0 00007fdb2c30e590
0x00007fdb2c30df88:   00007fdb2c30dfb0 0000000046000004
0x00007fdb2c30df98:   00007fdb59041ad8 00007fdb599cc9f0
0x00007fdb2c30dfa8:   00000008004d2f08 0000000000000002 

Instructions: (pc=0x00007fdb58ed4aa6)
0x00007fdb58ed49a6:   2e 0f 1f 84 00 00 00 00 00 90 48 8b 17 49 89 f8
0x00007fdb58ed49b6:   89 f0 48 8b 52 10 48 85 d2 74 1f c1 fe 1f 31 c6
0x00007fdb58ed49c6:   48 63 f6 48 c1 e6 05 48 8d 7c 32 28 4c 89 c6 e9
0x00007fdb58ed49d6:   46 c4 00 00 66 0f 1f 44 00 00 31 c0 c3 90 66 66
0x00007fdb58ed49e6:   2e 0f 1f 84 00 00 00 00 00 90 48 89 f8 84 d2 75
0x00007fdb58ed49f6:   39 48 8b 57 10 48 85 d2 74 30 85 f6 78 5c 48 63
0x00007fdb58ed4a06:   f6 48 c1 e6 05 48 8d 54 32 28 48 8b 32 0f b7 f6
0x00007fdb58ed4a16:   0f b7 54 f0 42 0f b7 54 d0 40 48 8b 44 d0 40 c3
0x00007fdb58ed4a26:   66 2e 0f 1f 84 00 00 00 00 00 48 8b 50 08 48 63
0x00007fdb58ed4a36:   f6 0f b6 54 32 04 80 fa 12 74 d5 48 8b 50 08 0f
0x00007fdb58ed4a46:   b6 54 32 04 80 fa 11 74 c7 48 8b 50 08 0f b6 54
0x00007fdb58ed4a56:   32 04 eb bc 66 0f 1f 44 00 00 f7 d6 48 63 f6 48
0x00007fdb58ed4a66:   c1 e6 05 48 8d 54 32 28 48 8b 12 0f b7 d2 0f b7
0x00007fdb58ed4a76:   54 d7 42 eb a0 90 0f 1f 40 00 48 89 f8 84 d2 75
0x00007fdb58ed4a86:   39 48 8b 57 10 48 85 d2 74 30 85 f6 78 5c 48 63
0x00007fdb58ed4a96:   f6 48 c1 e6 05 48 8d 54 32 28 48 8b 32 0f b7 f6
0x00007fdb58ed4aa6:   0f b7 54 f0 42 0f b7 54 d0 42 48 8b 44 d0 40 c3
0x00007fdb58ed4ab6:   66 2e 0f 1f 84 00 00 00 00 00 48 8b 50 08 48 63
0x00007fdb58ed4ac6:   f6 0f b6 54 32 04 80 fa 12 74 d5 48 8b 50 08 0f
0x00007fdb58ed4ad6:   b6 54 32 04 80 fa 11 74 c7 48 8b 50 08 0f b6 54
0x00007fdb58ed4ae6:   32 04 eb bc 66 0f 1f 44 00 00 f7 d6 48 63 f6 48
0x00007fdb58ed4af6:   c1 e6 05 48 8d 54 32 28 48 8b 12 0f b7 d2 0f b7
0x00007fdb58ed4b06:   54 d7 42 eb a0 90 0f 1f 40 00 48 89 f8 84 d2 75
0x00007fdb58ed4b16:   29 48 8b 57 10 48 85 d2 74 20 85 f6 78 4c 48 63
0x00007fdb58ed4b26:   f6 48 c1 e6 05 48 8d 54 32 28 48 8b 32 0f b7 f6
0x00007fdb58ed4b36:   0f b7 44 f0 42 c3 0f 1f 40 00 48 8b 50 08 48 63
0x00007fdb58ed4b46:   f6 0f b6 54 32 04 80 fa 12 74 e5 48 8b 50 08 0f
0x00007fdb58ed4b56:   b6 54 32 04 80 fa 11 74 d7 48 8b 50 08 0f b6 54
0x00007fdb58ed4b66:   32 04 0f b7 44 f0 42 c3 66 90 f7 d6 48 63 f6 48
0x00007fdb58ed4b76:   c1 e6 05 48 8d 54 32 28 48 8b 12 0f b7 d2 0f b7
0x00007fdb58ed4b86:   44 d7 42 c3 66 0f 1f 44 00 00 48 89 f8 84 d2 75
0x00007fdb58ed4b96:   21 48 8b 57 10 48 85 d2 74 18 85 f6 79 02 f7 d6 


Stack slot to memory mapping:
stack at sp + 0 slots: 0x00007fdb590419b0: <offset 0x00000000007ce9b0> in /usr/lib/jvm/java-11-openjdk-amd64/lib/server/libjvm.so at 0x00007fdb58873000
stack at sp + 1 slots: 0x00007fdb2c30e590 points into unknown readable memory: 0x00007fdb2c30e5f0 | f0 e5 30 2c db 7f 00 00
stack at sp + 2 slots: 0x00007fdb2c30dfb0 points into unknown readable memory: 0x0000000000000002 | 02 00 00 00 00 00 00 00
stack at sp + 3 slots: 0x0000000046000004 is an unknown value
stack at sp + 4 slots: 0x00007fdb59041ad8: <offset 0x00000000007cead8> in /usr/lib/jvm/java-11-openjdk-amd64/lib/server/libjvm.so at 0x00007fdb58873000
stack at sp + 5 slots: 0x00007fdb599cc9f0: <offset 0x00000000011599f0> in /usr/lib/jvm/java-11-openjdk-amd64/lib/server/libjvm.so at 0x00007fdb58873000
stack at sp + 6 slots: 0x00000008004d2f08 is pointing into metadata
stack at sp + 7 slots: 0x0000000000000002 is an unknown value

VM_Operation (0x00007fdb0f72b8b0): GetOrSetLocal, mode: safepoint, requested by thread 0x00007fdb542b9800


---------------  P R O C E S S  ---------------

Threads class SMR info:
_java_thread_list=0x00007fdae4045d70, length=13, elements={
0x00007fdb54019800, 0x00007fdb5421e000, 0x00007fdb54220000, 0x00007fdb54229800,
0x00007fdb5422b800, 0x00007fdb5422e000, 0x00007fdb54230000, 0x00007fdb54232000,
0x00007fdb54268800, 0x00007fdb542b9800, 0x00007fdb542be000, 0x00007fdaf4001800,
0x00007fdb54410800
}

Java Threads: ( => current thread )
  0x00007fdb54019800 JavaThread "main" [_thread_blocked, id=7802, stack(0x00007fdb583f2000,0x00007fdb584f3000)]
  0x00007fdb5421e000 JavaThread "Reference Handler" daemon [_thread_blocked, id=7810, stack(0x00007fdb2c10d000,0x00007fdb2c20e000)]
  0x00007fdb54220000 JavaThread "Finalizer" daemon [_thread_blocked, id=7811, stack(0x00007fdb2c00c000,0x00007fdb2c10d000)]
  0x00007fdb54229800 JavaThread "Signal Dispatcher" daemon [_thread_blocked, id=7812, stack(0x00007fdb0fc32000,0x00007fdb0fd33000)]
  0x00007fdb5422b800 JavaThread "Service Thread" daemon [_thread_blocked, id=7813, stack(0x00007fdb0fb31000,0x00007fdb0fc32000)]
  0x00007fdb5422e000 JavaThread "C2 CompilerThread0" daemon [_thread_blocked, id=7814, stack(0x00007fdb0fa30000,0x00007fdb0fb31000)]
  0x00007fdb54230000 JavaThread "C1 CompilerThread0" daemon [_thread_blocked, id=7815, stack(0x00007fdb0f92f000,0x00007fdb0fa30000)]
  0x00007fdb54232000 JavaThread "Sweeper thread" daemon [_thread_blocked, id=7816, stack(0x00007fdb0f82e000,0x00007fdb0f92f000)]
  0x00007fdb54268800 JavaThread "Common-Cleaner" daemon [_thread_blocked, id=7817, stack(0x00007fdb0f72d000,0x00007fdb0f82e000)]
  0x00007fdb542b9800 JavaThread "JDWP Transport Listener: dt_socket" daemon [_thread_blocked, id=7819, stack(0x00007fdb0f62c000,0x00007fdb0f72d000)] _threads_hazard_ptr=0x00007fdae4045d70
  0x00007fdb542be000 JavaThread "JDWP Event Helper Thread" daemon [_thread_blocked, id=7821, stack(0x00007fdb0f52b000,0x00007fdb0f62c000)]
  0x00007fdaf4001800 JavaThread "JDWP Command Reader" daemon [_thread_in_native, id=7823, stack(0x00007fdb0f42a000,0x00007fdb0f52b000)]
  0x00007fdb54410800 JavaThread "ReaderThread" [_thread_in_native, id=7828, stack(0x00007fdb0f0cd000,0x00007fdb0f1ce000)]

Other Threads:
=>0x00007fdb5421b000 VMThread "VM Thread" [stack: 0x00007fdb2c210000,0x00007fdb2c310000] [id=7809]
  0x00007fdb543f3000 WatcherThread [stack: 0x00007fdb0f312000,0x00007fdb0f412000] [id=7826]
  0x00007fdb54031000 GCTaskThread "GC Thread#0" [stack: 0x00007fdb5805e000,0x00007fdb5815e000] [id=7804]
  0x00007fdb1c001000 GCTaskThread "GC Thread#1" [stack: 0x00007fdb0efcd000,0x00007fdb0f0cd000] [id=7830]
  0x00007fdb1c002800 GCTaskThread "GC Thread#2" [stack: 0x00007fdb0eecb000,0x00007fdb0efcb000] [id=7831]
  0x00007fdb1c004800 GCTaskThread "GC Thread#3" [stack: 0x00007fdb0edc9000,0x00007fdb0eec9000] [id=7832]
  0x00007fdb5408c800 ConcurrentGCThread "G1 Main Marker" [stack: 0x00007fdb3c2b8000,0x00007fdb3c3b8000] [id=7805]
  0x00007fdb5408e800 ConcurrentGCThread "G1 Conc#0" [stack: 0x00007fdb3c1b6000,0x00007fdb3c2b6000] [id=7806]
  0x00007fdb54177800 ConcurrentGCThread "G1 Refine#0" [stack: 0x00007fdb2cc14000,0x00007fdb2cd14000] [id=7807]
  0x00007fdb54179800 ConcurrentGCThread "G1 Young RemSet Sampling" [stack: 0x00007fdb2cb12000,0x00007fdb2cc12000] [id=7808]

Threads with active compile tasks:

VM state:at safepoint (normal execution)

VM Mutex/Monitor currently owned by a thread:  ([mutex/lock_event])
[0x00007fdb540150c0] Threads_lock - owner thread: 0x00007fdb5421b000

Heap address: 0x000000070da00000, size: 3878 MB, Compressed Oops mode: Zero based, Oop shift amount: 3
Narrow klass base: 0x0000000800000000, Narrow klass shift: 3
Compressed class space size: 1073741824 Address: 0x0000000840000000

Heap:
 garbage-first heap   total 251904K, used 5589K [0x000000070da00000, 0x0000000800000000)
  region size 1024K, 6 young (6144K), 2 survivors (2048K)
 Metaspace       used 4822K, capacity 5779K, committed 6016K, reserved 1056768K
  class space    used 452K, capacity 560K, committed 640K, reserved 1048576K
Heap Regions: E=young(eden), S=young(survivor), O=old, HS=humongous(starts), HC=humongous(continues), CS=collection set, F=free, A=archive, TAMS=top-at-mark-start (previous, next)
|   0|0x000000070da00000, 0x000000070da00000, 0x000000070db00000|  0%| F|  |TAMS 0x000000070da00000, 0x000000070da00000| Untracked 
|   1|0x000000070db00000, 0x000000070db00000, 0x000000070dc00000|  0%| F|  |TAMS 0x000000070db00000, 0x000000070db00000| Untracked 
|   2|0x000000070dc00000, 0x000000070dc00000, 0x000000070dd00000|  0%| F|  |TAMS 0x000000070dc00000, 0x000000070dc00000| Untracked 
|   3|0x000000070dd00000, 0x000000070dd00000, 0x000000070de00000|  0%| F|  |TAMS 0x000000070dd00000, 0x000000070dd00000| Untracked 
|   4|0x000000070de00000, 0x000000070de00000, 0x000000070df00000|  0%| F|  |TAMS 0x000000070de00000, 0x000000070de00000| Untracked 
|   5|0x000000070df00000, 0x000000070df00000, 0x000000070e000000|  0%| F|  |TAMS 0x000000070df00000, 0x000000070df00000| Untracked 
|   6|0x000000070e000000, 0x000000070e000000, 0x000000070e100000|  0%| F|  |TAMS 0x000000070e000000, 0x000000070e000000| Untracked 
|   7|0x000000070e100000, 0x000000070e100000, 0x000000070e200000|  0%| F|  |TAMS 0x000000070e100000, 0x000000070e100000| Untracked 
|   8|0x000000070e200000, 0x000000070e200000, 0x000000070e300000|  0%| F|  |TAMS 0x000000070e200000, 0x000000070e200000| Untracked 
|   9|0x000000070e300000, 0x000000070e300000, 0x000000070e400000|  0%| F|  |TAMS 0x000000070e300000, 0x000000070e300000| Untracked 
|  10|0x000000070e400000, 0x000000070e400000, 0x000000070e500000|  0%| F|  |TAMS 0x000000070e400000, 0x000000070e400000| Untracked 
|  11|0x000000070e500000, 0x000000070e500000, 0x000000070e600000|  0%| F|  |TAMS 0x000000070e500000, 0x000000070e500000| Untracked 
|  12|0x000000070e600000, 0x000000070e600000, 0x000000070e700000|  0%| F|  |TAMS 0x000000070e600000, 0x000000070e600000| Untracked 
|  13|0x000000070e700000, 0x000000070e700000, 0x000000070e800000|  0%| F|  |TAMS 0x000000070e700000, 0x000000070e700000| Untracked 
|  14|0x000000070e800000, 0x000000070e800000, 0x000000070e900000|  0%| F|  |TAMS 0x000000070e800000, 0x000000070e800000| Untracked 
|  15|0x000000070e900000, 0x000000070e900000, 0x000000070ea00000|  0%| F|  |TAMS 0x000000070e900000, 0x000000070e900000| Untracked 
|  16|0x000000070ea00000, 0x000000070ea00000, 0x000000070eb00000|  0%| F|  |TAMS 0x000000070ea00000, 0x000000070ea00000| Untracked 
|  17|0x000000070eb00000, 0x000000070eb00000, 0x000000070ec00000|  0%| F|  |TAMS 0x000000070eb00000, 0x000000070eb00000| Untracked 
|  18|0x000000070ec00000, 0x000000070ec00000, 0x000000070ed00000|  0%| F|  |TAMS 0x000000070ec00000, 0x000000070ec00000| Untracked 
|  19|0x000000070ed00000, 0x000000070ed00000, 0x000000070ee00000|  0%| F|  |TAMS 0x000000070ed00000, 0x000000070ed00000| Untracked 
|  20|0x000000070ee00000, 0x000000070ee00000, 0x000000070ef00000|  0%| F|  |TAMS 0x000000070ee00000, 0x000000070ee00000| Untracked 
|  21|0x000000070ef00000, 0x000000070ef00000, 0x000000070f000000|  0%| F|  |TAMS 0x000000070ef00000, 0x000000070ef00000| Untracked 
|  22|0x000000070f000000, 0x000000070f000000, 0x000000070f100000|  0%| F|  |TAMS 0x000000070f000000, 0x000000070f000000| Untracked 
|  23|0x000000070f100000, 0x000000070f100000, 0x000000070f200000|  0%| F|  |TAMS 0x000000070f100000, 0x000000070f100000| Untracked 
|  24|0x000000070f200000, 0x000000070f200000, 0x000000070f300000|  0%| F|  |TAMS 0x000000070f200000, 0x000000070f200000| Untracked 
|  25|0x000000070f300000, 0x000000070f300000, 0x000000070f400000|  0%| F|  |TAMS 0x000000070f300000, 0x000000070f300000| Untracked 
|  26|0x000000070f400000, 0x000000070f400000, 0x000000070f500000|  0%| F|  |TAMS 0x000000070f400000, 0x000000070f400000| Untracked 
|  27|0x000000070f500000, 0x000000070f500000, 0x000000070f600000|  0%| F|  |TAMS 0x000000070f500000, 0x000000070f500000| Untracked 
|  28|0x000000070f600000, 0x000000070f600000, 0x000000070f700000|  0%| F|  |TAMS 0x000000070f600000, 0x000000070f600000| Untracked 
|  29|0x000000070f700000, 0x000000070f700000, 0x000000070f800000|  0%| F|  |TAMS 0x000000070f700000, 0x000000070f700000| Untracked 
|  30|0x000000070f800000, 0x000000070f800000, 0x000000070f900000|  0%| F|  |TAMS 0x000000070f800000, 0x000000070f800000| Untracked 
|  31|0x000000070f900000, 0x000000070f900000, 0x000000070fa00000|  0%| F|  |TAMS 0x000000070f900000, 0x000000070f900000| Untracked 
|  32|0x000000070fa00000, 0x000000070fa00000, 0x000000070fb00000|  0%| F|  |TAMS 0x000000070fa00000, 0x000000070fa00000| Untracked 
|  33|0x000000070fb00000, 0x000000070fb00000, 0x000000070fc00000|  0%| F|  |TAMS 0x000000070fb00000, 0x000000070fb00000| Untracked 
|  34|0x000000070fc00000, 0x000000070fc00000, 0x000000070fd00000|  0%| F|  |TAMS 0x000000070fc00000, 0x000000070fc00000| Untracked 
|  35|0x000000070fd00000, 0x000000070fd00000, 0x000000070fe00000|  0%| F|  |TAMS 0x000000070fd00000, 0x000000070fd00000| Untracked 
|  36|0x000000070fe00000, 0x000000070fe00000, 0x000000070ff00000|  0%| F|  |TAMS 0x000000070fe00000, 0x000000070fe00000| Untracked 
|  37|0x000000070ff00000, 0x000000070ff00000, 0x0000000710000000|  0%| F|  |TAMS 0x000000070ff00000, 0x000000070ff00000| Untracked 
|  38|0x0000000710000000, 0x0000000710000000, 0x0000000710100000|  0%| F|  |TAMS 0x0000000710000000, 0x0000000710000000| Untracked 
|  39|0x0000000710100000, 0x0000000710100000, 0x0000000710200000|  0%| F|  |TAMS 0x0000000710100000, 0x0000000710100000| Untracked 
|  40|0x0000000710200000, 0x0000000710200000, 0x0000000710300000|  0%| F|  |TAMS 0x0000000710200000, 0x0000000710200000| Untracked 
|  41|0x0000000710300000, 0x0000000710300000, 0x0000000710400000|  0%| F|  |TAMS 0x0000000710300000, 0x0000000710300000| Untracked 
|  42|0x0000000710400000, 0x0000000710400000, 0x0000000710500000|  0%| F|  |TAMS 0x0000000710400000, 0x0000000710400000| Untracked 
|  43|0x0000000710500000, 0x0000000710500000, 0x0000000710600000|  0%| F|  |TAMS 0x0000000710500000, 0x0000000710500000| Untracked 
|  44|0x0000000710600000, 0x0000000710600000, 0x0000000710700000|  0%| F|  |TAMS 0x0000000710600000, 0x0000000710600000| Untracked 
|  45|0x0000000710700000, 0x0000000710700000, 0x0000000710800000|  0%| F|  |TAMS 0x0000000710700000, 0x0000000710700000| Untracked 
|  46|0x0000000710800000, 0x0000000710800000, 0x0000000710900000|  0%| F|  |TAMS 0x0000000710800000, 0x0000000710800000| Untracked 
|  47|0x0000000710900000, 0x0000000710900000, 0x0000000710a00000|  0%| F|  |TAMS 0x0000000710900000, 0x0000000710900000| Untracked 
|  48|0x0000000710a00000, 0x0000000710a00000, 0x0000000710b00000|  0%| F|  |TAMS 0x0000000710a00000, 0x0000000710a00000| Untracked 
|  49|0x0000000710b00000, 0x0000000710b00000, 0x0000000710c00000|  0%| F|  |TAMS 0x0000000710b00000, 0x0000000710b00000| Untracked 
|  50|0x0000000710c00000, 0x0000000710c00000, 0x0000000710d00000|  0%| F|  |TAMS 0x0000000710c00000, 0x0000000710c00000| Untracked 
|  51|0x0000000710d00000, 0x0000000710d00000, 0x0000000710e00000|  0%| F|  |TAMS 0x0000000710d00000, 0x0000000710d00000| Untracked 
|  52|0x0000000710e00000, 0x0000000710e00000, 0x0000000710f00000|  0%| F|  |TAMS 0x0000000710e00000, 0x0000000710e00000| Untracked 
|  53|0x0000000710f00000, 0x0000000710f00000, 0x0000000711000000|  0%| F|  |TAMS 0x0000000710f00000, 0x0000000710f00000| Untracked 
|  54|0x0000000711000000, 0x0000000711000000, 0x0000000711100000|  0%| F|  |TAMS 0x0000000711000000, 0x0000000711000000| Untracked 
|  55|0x0000000711100000, 0x0000000711100000, 0x0000000711200000|  0%| F|  |TAMS 0x0000000711100000, 0x0000000711100000| Untracked 
|  56|0x0000000711200000, 0x0000000711200000, 0x0000000711300000|  0%| F|  |TAMS 0x0000000711200000, 0x0000000711200000| Untracked 
|  57|0x0000000711300000, 0x0000000711300000, 0x0000000711400000|  0%| F|  |TAMS 0x0000000711300000, 0x0000000711300000| Untracked 
|  58|0x0000000711400000, 0x0000000711400000, 0x0000000711500000|  0%| F|  |TAMS 0x0000000711400000, 0x0000000711400000| Untracked 
|  59|0x0000000711500000, 0x0000000711500000, 0x0000000711600000|  0%| F|  |TAMS 0x0000000711500000, 0x0000000711500000| Untracked 
|  60|0x0000000711600000, 0x0000000711600000, 0x0000000711700000|  0%| F|  |TAMS 0x0000000711600000, 0x0000000711600000| Untracked 
|  61|0x0000000711700000, 0x0000000711700000, 0x0000000711800000|  0%| F|  |TAMS 0x0000000711700000, 0x0000000711700000| Untracked 
|  62|0x0000000711800000, 0x0000000711800000, 0x0000000711900000|  0%| F|  |TAMS 0x0000000711800000, 0x0000000711800000| Untracked 
|  63|0x0000000711900000, 0x0000000711900000, 0x0000000711a00000|  0%| F|  |TAMS 0x0000000711900000, 0x0000000711900000| Untracked 
|  64|0x0000000711a00000, 0x0000000711a00000, 0x0000000711b00000|  0%| F|  |TAMS 0x0000000711a00000, 0x0000000711a00000| Untracked 
|  65|0x0000000711b00000, 0x0000000711b00000, 0x0000000711c00000|  0%| F|  |TAMS 0x0000000711b00000, 0x0000000711b00000| Untracked 
|  66|0x0000000711c00000, 0x0000000711c00000, 0x0000000711d00000|  0%| F|  |TAMS 0x0000000711c00000, 0x0000000711c00000| Untracked 
|  67|0x0000000711d00000, 0x0000000711d00000, 0x0000000711e00000|  0%| F|  |TAMS 0x0000000711d00000, 0x0000000711d00000| Untracked 
|  68|0x0000000711e00000, 0x0000000711e00000, 0x0000000711f00000|  0%| F|  |TAMS 0x0000000711e00000, 0x0000000711e00000| Untracked 
|  69|0x0000000711f00000, 0x0000000711f00000, 0x0000000712000000|  0%| F|  |TAMS 0x0000000711f00000, 0x0000000711f00000| Untracked 
|  70|0x0000000712000000, 0x0000000712000000, 0x0000000712100000|  0%| F|  |TAMS 0x0000000712000000, 0x0000000712000000| Untracked 
|  71|0x0000000712100000, 0x0000000712100000, 0x0000000712200000|  0%| F|  |TAMS 0x0000000712100000, 0x0000000712100000| Untracked 
|  72|0x0000000712200000, 0x0000000712200000, 0x0000000712300000|  0%| F|  |TAMS 0x0000000712200000, 0x0000000712200000| Untracked 
|  73|0x0000000712300000, 0x0000000712300000, 0x0000000712400000|  0%| F|  |TAMS 0x0000000712300000, 0x0000000712300000| Untracked 
|  74|0x0000000712400000, 0x0000000712400000, 0x0000000712500000|  0%| F|  |TAMS 0x0000000712400000, 0x0000000712400000| Untracked 
|  75|0x0000000712500000, 0x0000000712500000, 0x0000000712600000|  0%| F|  |TAMS 0x0000000712500000, 0x0000000712500000| Untracked 
|  76|0x0000000712600000, 0x0000000712600000, 0x0000000712700000|  0%| F|  |TAMS 0x0000000712600000, 0x0000000712600000| Untracked 
|  77|0x0000000712700000, 0x0000000712700000, 0x0000000712800000|  0%| F|  |TAMS 0x0000000712700000, 0x0000000712700000| Untracked 
|  78|0x0000000712800000, 0x0000000712800000, 0x0000000712900000|  0%| F|  |TAMS 0x0000000712800000, 0x0000000712800000| Untracked 
|  79|0x0000000712900000, 0x0000000712900000, 0x0000000712a00000|  0%| F|  |TAMS 0x0000000712900000, 0x0000000712900000| Untracked 
|  80|0x0000000712a00000, 0x0000000712a00000, 0x0000000712b00000|  0%| F|  |TAMS 0x0000000712a00000, 0x0000000712a00000| Untracked 
|  81|0x0000000712b00000, 0x0000000712b00000, 0x0000000712c00000|  0%| F|  |TAMS 0x0000000712b00000, 0x0000000712b00000| Untracked 
|  82|0x0000000712c00000, 0x0000000712c00000, 0x0000000712d00000|  0%| F|  |TAMS 0x0000000712c00000, 0x0000000712c00000| Untracked 
|  83|0x0000000712d00000, 0x0000000712d00000, 0x0000000712e00000|  0%| F|  |TAMS 0x0000000712d00000, 0x0000000712d00000| Untracked 
|  84|0x0000000712e00000, 0x0000000712e00000, 0x0000000712f00000|  0%| F|  |TAMS 0x0000000712e00000, 0x0000000712e00000| Untracked 
|  85|0x0000000712f00000, 0x0000000712f00000, 0x0000000713000000|  0%| F|  |TAMS 0x0000000712f00000, 0x0000000712f00000| Untracked 
|  86|0x0000000713000000, 0x0000000713000000, 0x0000000713100000|  0%| F|  |TAMS 0x0000000713000000, 0x0000000713000000| Untracked 
|  87|0x0000000713100000, 0x0000000713100000, 0x0000000713200000|  0%| F|  |TAMS 0x0000000713100000, 0x0000000713100000| Untracked 
|  88|0x0000000713200000, 0x0000000713200000, 0x0000000713300000|  0%| F|  |TAMS 0x0000000713200000, 0x0000000713200000| Untracked 
|  89|0x0000000713300000, 0x0000000713300000, 0x0000000713400000|  0%| F|  |TAMS 0x0000000713300000, 0x0000000713300000| Untracked 
|  90|0x0000000713400000, 0x0000000713400000, 0x0000000713500000|  0%| F|  |TAMS 0x0000000713400000, 0x0000000713400000| Untracked 
|  91|0x0000000713500000, 0x0000000713500000, 0x0000000713600000|  0%| F|  |TAMS 0x0000000713500000, 0x0000000713500000| Untracked 
|  92|0x0000000713600000, 0x0000000713600000, 0x0000000713700000|  0%| F|  |TAMS 0x0000000713600000, 0x0000000713600000| Untracked 
|  93|0x0000000713700000, 0x0000000713700000, 0x0000000713800000|  0%| F|  |TAMS 0x0000000713700000, 0x0000000713700000| Untracked 
|  94|0x0000000713800000, 0x0000000713800000, 0x0000000713900000|  0%| F|  |TAMS 0x0000000713800000, 0x0000000713800000| Untracked 
|  95|0x0000000713900000, 0x0000000713900000, 0x0000000713a00000|  0%| F|  |TAMS 0x0000000713900000, 0x0000000713900000| Untracked 
|  96|0x0000000713a00000, 0x0000000713a00000, 0x0000000713b00000|  0%| F|  |TAMS 0x0000000713a00000, 0x0000000713a00000| Untracked 
|  97|0x0000000713b00000, 0x0000000713b00000, 0x0000000713c00000|  0%| F|  |TAMS 0x0000000713b00000, 0x0000000713b00000| Untracked 
|  98|0x0000000713c00000, 0x0000000713c00000, 0x0000000713d00000|  0%| F|  |TAMS 0x0000000713c00000, 0x0000000713c00000| Untracked 
|  99|0x0000000713d00000, 0x0000000713d00000, 0x0000000713e00000|  0%| F|  |TAMS 0x0000000713d00000, 0x0000000713d00000| Untracked 
| 100|0x0000000713e00000, 0x0000000713e00000, 0x0000000713f00000|  0%| F|  |TAMS 0x0000000713e00000, 0x0000000713e00000| Untracked 
| 101|0x0000000713f00000, 0x0000000713f00000, 0x0000000714000000|  0%| F|  |TAMS 0x0000000713f00000, 0x0000000713f00000| Untracked 
| 102|0x0000000714000000, 0x0000000714000000, 0x0000000714100000|  0%| F|  |TAMS 0x0000000714000000, 0x0000000714000000| Untracked 
| 103|0x0000000714100000, 0x0000000714100000, 0x0000000714200000|  0%| F|  |TAMS 0x0000000714100000, 0x0000000714100000| Untracked 
| 104|0x0000000714200000, 0x0000000714200000, 0x0000000714300000|  0%| F|  |TAMS 0x0000000714200000, 0x0000000714200000| Untracked 
| 105|0x0000000714300000, 0x0000000714300000, 0x0000000714400000|  0%| F|  |TAMS 0x0000000714300000, 0x0000000714300000| Untracked 
| 106|0x0000000714400000, 0x0000000714400000, 0x0000000714500000|  0%| F|  |TAMS 0x0000000714400000, 0x0000000714400000| Untracked 
| 107|0x0000000714500000, 0x0000000714500000, 0x0000000714600000|  0%| F|  |TAMS 0x0000000714500000, 0x0000000714500000| Untracked 
| 108|0x0000000714600000, 0x0000000714600000, 0x0000000714700000|  0%| F|  |TAMS 0x0000000714600000, 0x0000000714600000| Untracked 
| 109|0x0000000714700000, 0x0000000714700000, 0x0000000714800000|  0%| F|  |TAMS 0x0000000714700000, 0x0000000714700000| Untracked 
| 110|0x0000000714800000, 0x0000000714800000, 0x0000000714900000|  0%| F|  |TAMS 0x0000000714800000, 0x0000000714800000| Untracked 
| 111|0x0000000714900000, 0x0000000714900000, 0x0000000714a00000|  0%| F|  |TAMS 0x0000000714900000, 0x0000000714900000| Untracked 
| 112|0x0000000714a00000, 0x0000000714a00000, 0x0000000714b00000|  0%| F|  |TAMS 0x0000000714a00000, 0x0000000714a00000| Untracked 
| 113|0x0000000714b00000, 0x0000000714b00000, 0x0000000714c00000|  0%| F|  |TAMS 0x0000000714b00000, 0x0000000714b00000| Untracked 
| 114|0x0000000714c00000, 0x0000000714c00000, 0x0000000714d00000|  0%| F|  |TAMS 0x0000000714c00000, 0x0000000714c00000| Untracked 
| 115|0x0000000714d00000, 0x0000000714d00000, 0x0000000714e00000|  0%| F|  |TAMS 0x0000000714d00000, 0x0000000714d00000| Untracked 
| 116|0x0000000714e00000, 0x0000000714e00000, 0x0000000714f00000|  0%| F|  |TAMS 0x0000000714e00000, 0x0000000714e00000| Untracked 
| 117|0x0000000714f00000, 0x0000000714f00000, 0x0000000715000000|  0%| F|  |TAMS 0x0000000714f00000, 0x0000000714f00000| Untracked 
| 118|0x0000000715000000, 0x0000000715000000, 0x0000000715100000|  0%| F|  |TAMS 0x0000000715000000, 0x0000000715000000| Untracked 
| 119|0x0000000715100000, 0x0000000715100000, 0x0000000715200000|  0%| F|  |TAMS 0x0000000715100000, 0x0000000715100000| Untracked 
| 120|0x0000000715200000, 0x0000000715200000, 0x0000000715300000|  0%| F|  |TAMS 0x0000000715200000, 0x0000000715200000| Untracked 
| 121|0x0000000715300000, 0x0000000715300000, 0x0000000715400000|  0%| F|  |TAMS 0x0000000715300000, 0x0000000715300000| Untracked 
| 122|0x0000000715400000, 0x0000000715400000, 0x0000000715500000|  0%| F|  |TAMS 0x0000000715400000, 0x0000000715400000| Untracked 
| 123|0x0000000715500000, 0x0000000715500000, 0x0000000715600000|  0%| F|  |TAMS 0x0000000715500000, 0x0000000715500000| Untracked 
| 124|0x0000000715600000, 0x0000000715600000, 0x0000000715700000|  0%| F|  |TAMS 0x0000000715600000, 0x0000000715600000| Untracked 
| 125|0x0000000715700000, 0x0000000715700000, 0x0000000715800000|  0%| F|  |TAMS 0x0000000715700000, 0x0000000715700000| Untracked 
| 126|0x0000000715800000, 0x0000000715800000, 0x0000000715900000|  0%| F|  |TAMS 0x0000000715800000, 0x0000000715800000| Untracked 
| 127|0x0000000715900000, 0x0000000715900000, 0x0000000715a00000|  0%| F|  |TAMS 0x0000000715900000, 0x0000000715900000| Untracked 
| 128|0x0000000715a00000, 0x0000000715a00000, 0x0000000715b00000|  0%| F|  |TAMS 0x0000000715a00000, 0x0000000715a00000| Untracked 
| 129|0x0000000715b00000, 0x0000000715b00000, 0x0000000715c00000|  0%| F|  |TAMS 0x0000000715b00000, 0x0000000715b00000| Untracked 
| 130|0x0000000715c00000, 0x0000000715c00000, 0x0000000715d00000|  0%| F|  |TAMS 0x0000000715c00000, 0x0000000715c00000| Untracked 
| 131|0x0000000715d00000, 0x0000000715d00000, 0x0000000715e00000|  0%| F|  |TAMS 0x0000000715d00000, 0x0000000715d00000| Untracked 
| 132|0x0000000715e00000, 0x0000000715e00000, 0x0000000715f00000|  0%| F|  |TAMS 0x0000000715e00000, 0x0000000715e00000| Untracked 
| 133|0x0000000715f00000, 0x0000000715f00000, 0x0000000716000000|  0%| F|  |TAMS 0x0000000715f00000, 0x0000000715f00000| Untracked 
| 134|0x0000000716000000, 0x0000000716000000, 0x0000000716100000|  0%| F|  |TAMS 0x0000000716000000, 0x0000000716000000| Untracked 
| 135|0x0000000716100000, 0x0000000716100000, 0x0000000716200000|  0%| F|  |TAMS 0x0000000716100000, 0x0000000716100000| Untracked 
| 136|0x0000000716200000, 0x0000000716200000, 0x0000000716300000|  0%| F|  |TAMS 0x0000000716200000, 0x0000000716200000| Untracked 
| 137|0x0000000716300000, 0x0000000716300000, 0x0000000716400000|  0%| F|  |TAMS 0x0000000716300000, 0x0000000716300000| Untracked 
| 138|0x0000000716400000, 0x0000000716400000, 0x0000000716500000|  0%| F|  |TAMS 0x0000000716400000, 0x0000000716400000| Untracked 
| 139|0x0000000716500000, 0x0000000716500000, 0x0000000716600000|  0%| F|  |TAMS 0x0000000716500000, 0x0000000716500000| Untracked 
| 140|0x0000000716600000, 0x0000000716600000, 0x0000000716700000|  0%| F|  |TAMS 0x0000000716600000, 0x0000000716600000| Untracked 
| 141|0x0000000716700000, 0x0000000716700000, 0x0000000716800000|  0%| F|  |TAMS 0x0000000716700000, 0x0000000716700000| Untracked 
| 142|0x0000000716800000, 0x0000000716800000, 0x0000000716900000|  0%| F|  |TAMS 0x0000000716800000, 0x0000000716800000| Untracked 
| 143|0x0000000716900000, 0x0000000716900000, 0x0000000716a00000|  0%| F|  |TAMS 0x0000000716900000, 0x0000000716900000| Untracked 
| 144|0x0000000716a00000, 0x0000000716a00000, 0x0000000716b00000|  0%| F|  |TAMS 0x0000000716a00000, 0x0000000716a00000| Untracked 
| 145|0x0000000716b00000, 0x0000000716b00000, 0x0000000716c00000|  0%| F|  |TAMS 0x0000000716b00000, 0x0000000716b00000| Untracked 
| 146|0x0000000716c00000, 0x0000000716c00000, 0x0000000716d00000|  0%| F|  |TAMS 0x0000000716c00000, 0x0000000716c00000| Untracked 
| 147|0x0000000716d00000, 0x0000000716d00000, 0x0000000716e00000|  0%| F|  |TAMS 0x0000000716d00000, 0x0000000716d00000| Untracked 
| 148|0x0000000716e00000, 0x0000000716e00000, 0x0000000716f00000|  0%| F|  |TAMS 0x0000000716e00000, 0x0000000716e00000| Untracked 
| 149|0x0000000716f00000, 0x0000000716f00000, 0x0000000717000000|  0%| F|  |TAMS 0x0000000716f00000, 0x0000000716f00000| Untracked 
| 150|0x0000000717000000, 0x0000000717000000, 0x0000000717100000|  0%| F|  |TAMS 0x0000000717000000, 0x0000000717000000| Untracked 
| 151|0x0000000717100000, 0x0000000717100000, 0x0000000717200000|  0%| F|  |TAMS 0x0000000717100000, 0x0000000717100000| Untracked 
| 152|0x0000000717200000, 0x0000000717200000, 0x0000000717300000|  0%| F|  |TAMS 0x0000000717200000, 0x0000000717200000| Untracked 
| 153|0x0000000717300000, 0x0000000717300000, 0x0000000717400000|  0%| F|  |TAMS 0x0000000717300000, 0x0000000717300000| Untracked 
| 154|0x0000000717400000, 0x0000000717400000, 0x0000000717500000|  0%| F|  |TAMS 0x0000000717400000, 0x0000000717400000| Untracked 
| 155|0x0000000717500000, 0x0000000717500000, 0x0000000717600000|  0%| F|  |TAMS 0x0000000717500000, 0x0000000717500000| Untracked 
| 156|0x0000000717600000, 0x0000000717600000, 0x0000000717700000|  0%| F|  |TAMS 0x0000000717600000, 0x0000000717600000| Untracked 
| 157|0x0000000717700000, 0x0000000717700000, 0x0000000717800000|  0%| F|  |TAMS 0x0000000717700000, 0x0000000717700000| Untracked 
| 158|0x0000000717800000, 0x0000000717800000, 0x0000000717900000|  0%| F|  |TAMS 0x0000000717800000, 0x0000000717800000| Untracked 
| 159|0x0000000717900000, 0x0000000717900000, 0x0000000717a00000|  0%| F|  |TAMS 0x0000000717900000, 0x0000000717900000| Untracked 
| 160|0x0000000717a00000, 0x0000000717a00000, 0x0000000717b00000|  0%| F|  |TAMS 0x0000000717a00000, 0x0000000717a00000| Untracked 
| 161|0x0000000717b00000, 0x0000000717b00000, 0x0000000717c00000|  0%| F|  |TAMS 0x0000000717b00000, 0x0000000717b00000| Untracked 
| 162|0x0000000717c00000, 0x0000000717c00000, 0x0000000717d00000|  0%| F|  |TAMS 0x0000000717c00000, 0x0000000717c00000| Untracked 
| 163|0x0000000717d00000, 0x0000000717d00000, 0x0000000717e00000|  0%| F|  |TAMS 0x0000000717d00000, 0x0000000717d00000| Untracked 
| 164|0x0000000717e00000, 0x0000000717e00000, 0x0000000717f00000|  0%| F|  |TAMS 0x0000000717e00000, 0x0000000717e00000| Untracked 
| 165|0x0000000717f00000, 0x0000000717f00000, 0x0000000718000000|  0%| F|  |TAMS 0x0000000717f00000, 0x0000000717f00000| Untracked 
| 166|0x0000000718000000, 0x0000000718000000, 0x0000000718100000|  0%| F|  |TAMS 0x0000000718000000, 0x0000000718000000| Untracked 
| 167|0x0000000718100000, 0x0000000718100000, 0x0000000718200000|  0%| F|  |TAMS 0x0000000718100000, 0x0000000718100000| Untracked 
| 168|0x0000000718200000, 0x0000000718200000, 0x0000000718300000|  0%| F|  |TAMS 0x0000000718200000, 0x0000000718200000| Untracked 
| 169|0x0000000718300000, 0x0000000718300000, 0x0000000718400000|  0%| F|  |TAMS 0x0000000718300000, 0x0000000718300000| Untracked 
| 170|0x0000000718400000, 0x0000000718400000, 0x0000000718500000|  0%| F|  |TAMS 0x0000000718400000, 0x0000000718400000| Untracked 
| 171|0x0000000718500000, 0x0000000718500000, 0x0000000718600000|  0%| F|  |TAMS 0x0000000718500000, 0x0000000718500000| Untracked 
| 172|0x0000000718600000, 0x0000000718600000, 0x0000000718700000|  0%| F|  |TAMS 0x0000000718600000, 0x0000000718600000| Untracked 
| 173|0x0000000718700000, 0x0000000718700000, 0x0000000718800000|  0%| F|  |TAMS 0x0000000718700000, 0x0000000718700000| Untracked 
| 174|0x0000000718800000, 0x0000000718800000, 0x0000000718900000|  0%| F|  |TAMS 0x0000000718800000, 0x0000000718800000| Untracked 
| 175|0x0000000718900000, 0x0000000718900000, 0x0000000718a00000|  0%| F|  |TAMS 0x0000000718900000, 0x0000000718900000| Untracked 
| 176|0x0000000718a00000, 0x0000000718a00000, 0x0000000718b00000|  0%| F|  |TAMS 0x0000000718a00000, 0x0000000718a00000| Untracked 
| 177|0x0000000718b00000, 0x0000000718b00000, 0x0000000718c00000|  0%| F|  |TAMS 0x0000000718b00000, 0x0000000718b00000| Untracked 
| 178|0x0000000718c00000, 0x0000000718c00000, 0x0000000718d00000|  0%| F|  |TAMS 0x0000000718c00000, 0x0000000718c00000| Untracked 
| 179|0x0000000718d00000, 0x0000000718d00000, 0x0000000718e00000|  0%| F|  |TAMS 0x0000000718d00000, 0x0000000718d00000| Untracked 
| 180|0x0000000718e00000, 0x0000000718e00000, 0x0000000718f00000|  0%| F|  |TAMS 0x0000000718e00000, 0x0000000718e00000| Untracked 
| 181|0x0000000718f00000, 0x0000000718f00000, 0x0000000719000000|  0%| F|  |TAMS 0x0000000718f00000, 0x0000000718f00000| Untracked 
| 182|0x0000000719000000, 0x0000000719000000, 0x0000000719100000|  0%| F|  |TAMS 0x0000000719000000, 0x0000000719000000| Untracked 
| 183|0x0000000719100000, 0x0000000719100000, 0x0000000719200000|  0%| F|  |TAMS 0x0000000719100000, 0x0000000719100000| Untracked 
| 184|0x0000000719200000, 0x0000000719200000, 0x0000000719300000|  0%| F|  |TAMS 0x0000000719200000, 0x0000000719200000| Untracked 
| 185|0x0000000719300000, 0x0000000719300000, 0x0000000719400000|  0%| F|  |TAMS 0x0000000719300000, 0x0000000719300000| Untracked 
| 186|0x0000000719400000, 0x0000000719400000, 0x0000000719500000|  0%| F|  |TAMS 0x0000000719400000, 0x0000000719400000| Untracked 
| 187|0x0000000719500000, 0x0000000719500000, 0x0000000719600000|  0%| F|  |TAMS 0x0000000719500000, 0x0000000719500000| Untracked 
| 188|0x0000000719600000, 0x0000000719600000, 0x0000000719700000|  0%| F|  |TAMS 0x0000000719600000, 0x0000000719600000| Untracked 
| 189|0x0000000719700000, 0x0000000719700000, 0x0000000719800000|  0%| F|  |TAMS 0x0000000719700000, 0x0000000719700000| Untracked 
| 190|0x0000000719800000, 0x0000000719800000, 0x0000000719900000|  0%| F|  |TAMS 0x0000000719800000, 0x0000000719800000| Untracked 
| 191|0x0000000719900000, 0x0000000719900000, 0x0000000719a00000|  0%| F|  |TAMS 0x0000000719900000, 0x0000000719900000| Untracked 
| 192|0x0000000719a00000, 0x0000000719a00000, 0x0000000719b00000|  0%| F|  |TAMS 0x0000000719a00000, 0x0000000719a00000| Untracked 
| 193|0x0000000719b00000, 0x0000000719b00000, 0x0000000719c00000|  0%| F|  |TAMS 0x0000000719b00000, 0x0000000719b00000| Untracked 
| 194|0x0000000719c00000, 0x0000000719c00000, 0x0000000719d00000|  0%| F|  |TAMS 0x0000000719c00000, 0x0000000719c00000| Untracked 
| 195|0x0000000719d00000, 0x0000000719d00000, 0x0000000719e00000|  0%| F|  |TAMS 0x0000000719d00000, 0x0000000719d00000| Untracked 
| 196|0x0000000719e00000, 0x0000000719e00000, 0x0000000719f00000|  0%| F|  |TAMS 0x0000000719e00000, 0x0000000719e00000| Untracked 
| 197|0x0000000719f00000, 0x0000000719f00000, 0x000000071a000000|  0%| F|  |TAMS 0x0000000719f00000, 0x0000000719f00000| Untracked 
| 198|0x000000071a000000, 0x000000071a000000, 0x000000071a100000|  0%| F|  |TAMS 0x000000071a000000, 0x000000071a000000| Untracked 
| 199|0x000000071a100000, 0x000000071a100000, 0x000000071a200000|  0%| F|  |TAMS 0x000000071a100000, 0x000000071a100000| Untracked 
| 200|0x000000071a200000, 0x000000071a200000, 0x000000071a300000|  0%| F|  |TAMS 0x000000071a200000, 0x000000071a200000| Untracked 
| 201|0x000000071a300000, 0x000000071a300000, 0x000000071a400000|  0%| F|  |TAMS 0x000000071a300000, 0x000000071a300000| Untracked 
| 202|0x000000071a400000, 0x000000071a400000, 0x000000071a500000|  0%| F|  |TAMS 0x000000071a400000, 0x000000071a400000| Untracked 
| 203|0x000000071a500000, 0x000000071a500000, 0x000000071a600000|  0%| F|  |TAMS 0x000000071a500000, 0x000000071a500000| Untracked 
| 204|0x000000071a600000, 0x000000071a600000, 0x000000071a700000|  0%| F|  |TAMS 0x000000071a600000, 0x000000071a600000| Untracked 
| 205|0x000000071a700000, 0x000000071a700000, 0x000000071a800000|  0%| F|  |TAMS 0x000000071a700000, 0x000000071a700000| Untracked 
| 206|0x000000071a800000, 0x000000071a800000, 0x000000071a900000|  0%| F|  |TAMS 0x000000071a800000, 0x000000071a800000| Untracked 
| 207|0x000000071a900000, 0x000000071a900000, 0x000000071aa00000|  0%| F|  |TAMS 0x000000071a900000, 0x000000071a900000| Untracked 
| 208|0x000000071aa00000, 0x000000071aa00000, 0x000000071ab00000|  0%| F|  |TAMS 0x000000071aa00000, 0x000000071aa00000| Untracked 
| 209|0x000000071ab00000, 0x000000071ab00000, 0x000000071ac00000|  0%| F|  |TAMS 0x000000071ab00000, 0x000000071ab00000| Untracked 
| 210|0x000000071ac00000, 0x000000071ac00000, 0x000000071ad00000|  0%| F|  |TAMS 0x000000071ac00000, 0x000000071ac00000| Untracked 
| 211|0x000000071ad00000, 0x000000071ad00000, 0x000000071ae00000|  0%| F|  |TAMS 0x000000071ad00000, 0x000000071ad00000| Untracked 
| 212|0x000000071ae00000, 0x000000071ae00000, 0x000000071af00000|  0%| F|  |TAMS 0x000000071ae00000, 0x000000071ae00000| Untracked 
| 213|0x000000071af00000, 0x000000071af00000, 0x000000071b000000|  0%| F|  |TAMS 0x000000071af00000, 0x000000071af00000| Untracked 
| 214|0x000000071b000000, 0x000000071b000000, 0x000000071b100000|  0%| F|  |TAMS 0x000000071b000000, 0x000000071b000000| Untracked 
| 215|0x000000071b100000, 0x000000071b100000, 0x000000071b200000|  0%| F|  |TAMS 0x000000071b100000, 0x000000071b100000| Untracked 
| 216|0x000000071b200000, 0x000000071b200000, 0x000000071b300000|  0%| F|  |TAMS 0x000000071b200000, 0x000000071b200000| Untracked 
| 217|0x000000071b300000, 0x000000071b300000, 0x000000071b400000|  0%| F|  |TAMS 0x000000071b300000, 0x000000071b300000| Untracked 
| 218|0x000000071b400000, 0x000000071b400000, 0x000000071b500000|  0%| F|  |TAMS 0x000000071b400000, 0x000000071b400000| Untracked 
| 219|0x000000071b500000, 0x000000071b500000, 0x000000071b600000|  0%| F|  |TAMS 0x000000071b500000, 0x000000071b500000| Untracked 
| 220|0x000000071b600000, 0x000000071b600000, 0x000000071b700000|  0%| F|  |TAMS 0x000000071b600000, 0x000000071b600000| Untracked 
| 221|0x000000071b700000, 0x000000071b700000, 0x000000071b800000|  0%| F|  |TAMS 0x000000071b700000, 0x000000071b700000| Untracked 
| 222|0x000000071b800000, 0x000000071b800000, 0x000000071b900000|  0%| F|  |TAMS 0x000000071b800000, 0x000000071b800000| Untracked 
| 223|0x000000071b900000, 0x000000071b900000, 0x000000071ba00000|  0%| F|  |TAMS 0x000000071b900000, 0x000000071b900000| Untracked 
| 224|0x000000071ba00000, 0x000000071ba00000, 0x000000071bb00000|  0%| F|  |TAMS 0x000000071ba00000, 0x000000071ba00000| Untracked 
| 225|0x000000071bb00000, 0x000000071bb00000, 0x000000071bc00000|  0%| F|  |TAMS 0x000000071bb00000, 0x000000071bb00000| Untracked 
| 226|0x000000071bc00000, 0x000000071bc00000, 0x000000071bd00000|  0%| F|  |TAMS 0x000000071bc00000, 0x000000071bc00000| Untracked 
| 227|0x000000071bd00000, 0x000000071bd00000, 0x000000071be00000|  0%| F|  |TAMS 0x000000071bd00000, 0x000000071bd00000| Untracked 
| 228|0x000000071be00000, 0x000000071bec3440, 0x000000071bf00000| 76%| S|CS|TAMS 0x000000071be00000, 0x000000071be00000| Complete 
| 229|0x000000071bf00000, 0x000000071c000000, 0x000000071c000000|100%| S|CS|TAMS 0x000000071bf00000, 0x000000071bf00000| Complete 
| 230|0x000000071c000000, 0x000000071c000000, 0x000000071c100000|  0%| F|  |TAMS 0x000000071c000000, 0x000000071c000000| Untracked 
| 231|0x000000071c100000, 0x000000071c100000, 0x000000071c200000|  0%| F|  |TAMS 0x000000071c100000, 0x000000071c100000| Untracked 
| 232|0x000000071c200000, 0x000000071c200000, 0x000000071c300000|  0%| F|  |TAMS 0x000000071c200000, 0x000000071c200000| Untracked 
| 233|0x000000071c300000, 0x000000071c300000, 0x000000071c400000|  0%| F|  |TAMS 0x000000071c300000, 0x000000071c300000| Untracked 
| 234|0x000000071c400000, 0x000000071c400000, 0x000000071c500000|  0%| F|  |TAMS 0x000000071c400000, 0x000000071c400000| Untracked 
| 235|0x000000071c500000, 0x000000071c500000, 0x000000071c600000|  0%| F|  |TAMS 0x000000071c500000, 0x000000071c500000| Untracked 
| 236|0x000000071c600000, 0x000000071c600000, 0x000000071c700000|  0%| F|  |TAMS 0x000000071c600000, 0x000000071c600000| Untracked 
| 237|0x000000071c700000, 0x000000071c700000, 0x000000071c800000|  0%| F|  |TAMS 0x000000071c700000, 0x000000071c700000| Untracked 
| 238|0x000000071c800000, 0x000000071c800000, 0x000000071c900000|  0%| F|  |TAMS 0x000000071c800000, 0x000000071c800000| Untracked 
| 239|0x000000071c900000, 0x000000071c900000, 0x000000071ca00000|  0%| F|  |TAMS 0x000000071c900000, 0x000000071c900000| Untracked 
| 240|0x000000071ca00000, 0x000000071ca80800, 0x000000071cb00000| 50%| E|  |TAMS 0x000000071ca00000, 0x000000071ca00000| Complete 
| 241|0x000000071cb00000, 0x000000071cc00000, 0x000000071cc00000|100%| E|CS|TAMS 0x000000071cb00000, 0x000000071cb00000| Complete 
| 242|0x000000071cc00000, 0x000000071cd00000, 0x000000071cd00000|100%| E|CS|TAMS 0x000000071cc00000, 0x000000071cc00000| Complete 
| 243|0x000000071cd00000, 0x000000071ce00000, 0x000000071ce00000|100%| E|CS|TAMS 0x000000071cd00000, 0x000000071cd00000| Complete 
|2852|0x00000007bfe00000, 0x00000007bfe47000, 0x00000007bff00000| 27%|OA|  |TAMS 0x00000007bfe00000, 0x00000007bfe00000| Untracked 
|2853|0x00000007bff00000, 0x00000007bff6b000, 0x00000007c0000000| 41%|CA|  |TAMS 0x00000007bff00000, 0x00000007bff00000| Untracked 

Card table byte_map: [0x00007fdb370da000,0x00007fdb3786d000] _byte_map_base: 0x00007fdb3386d000

Marking Bits (Prev, Next): (CMBitMap*) 0x00007fdb5407c9a8, (CMBitMap*) 0x00007fdb5407c9e0
 Prev Bits: [0x00007fdb32caf000, 0x00007fdb36947000)
 Next Bits: [0x00007fdb2f017000, 0x00007fdb32caf000)

Polling page: 0x00007fdb59d37000

Metaspace:

Usage:
  Non-class:      5.10 MB capacity,     4.27 MB ( 84%) used,   842.52 KB ( 16%) free+waste,     6.12 KB ( <1%) overhead. 
      Class:    560.00 KB capacity,   452.64 KB ( 81%) used,   104.30 KB ( 19%) free+waste,     3.06 KB ( <1%) overhead. 
       Both:      5.64 MB capacity,     4.71 MB ( 83%) used,   946.82 KB ( 16%) free+waste,     9.19 KB ( <1%) overhead. 

Virtual space:
  Non-class space:        8.00 MB reserved,       5.25 MB ( 66%) committed 
      Class space:        1.00 GB reserved,     640.00 KB ( <1%) committed 
             Both:        1.01 GB reserved,       5.88 MB ( <1%) committed 

Chunk freelists:
   Non-Class:  29.00 KB
       Class:  16.00 KB
        Both:  45.00 KB

MaxMetaspaceSize: unlimited
CompressedClassSpaceSize: 1.00 GB
Initial GC threshold: 20.80 MB
Current GC threshold: 20.80 MB
CDS: on

CodeHeap 'non-profiled nmethods': size=120032Kb used=287Kb max_used=287Kb free=119744Kb
 bounds [0x00007fdb44305000, 0x00007fdb44575000, 0x00007fdb4b83d000]
CodeHeap 'profiled nmethods': size=120032Kb used=1625Kb max_used=1625Kb free=118406Kb
 bounds [0x00007fdb3cdcd000, 0x00007fdb3d03d000, 0x00007fdb44305000]
CodeHeap 'non-nmethods': size=5696Kb used=1185Kb max_used=1202Kb free=4510Kb
 bounds [0x00007fdb3c83d000, 0x00007fdb3caad000, 0x00007fdb3cdcd000]
 total_blobs=1192 nmethods=818 adapters=296
 compilation: enabled
              stopped_count=0, restarted_count=0
 full_count=0

Compilation events (20 events):
Event: 60.643 Thread 0x00007fdb54230000 nmethod 810 0x00007fdb3cf4b410 code [0x00007fdb3cf4b5e0, 0x00007fdb3cf4b820]
Event: 60.643 Thread 0x00007fdb54230000  809       3       jdk.internal.reflect.Reflection::verifyModuleAccess (24 bytes)
Event: 60.645 Thread 0x00007fdb54230000 nmethod 809 0x00007fdb3cf4b910 code [0x00007fdb3cf4bb40, 0x00007fdb3cf4c070]
Event: 60.645 Thread 0x00007fdb54230000  811       3       sun.security.util.DerInputStream::getDefiniteLength (21 bytes)
Event: 60.645 Thread 0x00007fdb54230000 nmethod 811 0x00007fdb3cf4c310 code [0x00007fdb3cf4c500, 0x00007fdb3cf4c860]
Event: 60.657 Thread 0x00007fdb54230000  813       3       org.eclipse.jdt.launching.internal.org.objectweb.asm.ClassReader::accept (1412 bytes)
Event: 60.682 Thread 0x00007fdb54230000 nmethod 813 0x00007fdb3cf4ca10 code [0x00007fdb3cf4d620, 0x00007fdb3cf56030]
Event: 60.682 Thread 0x00007fdb54230000  814       3       org.eclipse.jdt.launching.internal.org.objectweb.asm.ClassWriter::toByteArray (1535 bytes)
Event: 60.688 Thread 0x00007fdb5422e000 nmethod 804 0x00007fdb4434a390 code [0x00007fdb4434a640, 0x00007fdb4434bd08]
Event: 60.688 Thread 0x00007fdb5422e000  803       4       java.util.HashMap::hash (20 bytes)
Event: 60.689 Thread 0x00007fdb5422e000 nmethod 803 0x00007fdb4434cb10 code [0x00007fdb4434cca0, 0x00007fdb4434cd78]
Event: 60.690 Thread 0x00007fdb54230000 nmethod 814 0x00007fdb3cf5aa90 code [0x00007fdb3cf5b3e0, 0x00007fdb3cf5f7b0]
Event: 60.690 Thread 0x00007fdb54230000  815       3       java.util.Collections$UnmodifiableCollection::<init> (22 bytes)
Event: 60.690 Thread 0x00007fdb54230000 nmethod 815 0x00007fdb3cf61c90 code [0x00007fdb3cf61e60, 0x00007fdb3cf62160]
Event: 114.651 Thread 0x00007fdb54230000  816       3       org.eclipse.jdt.launching.internal.org.objectweb.asm.ClassVisitor::visitField (24 bytes)
Event: 114.652 Thread 0x00007fdb54230000 nmethod 816 0x00007fdb3cf62290 code [0x00007fdb3cf62460, 0x00007fdb3cf626e0]
Event: 114.652 Thread 0x00007fdb54230000  817       3       org.eclipse.jdt.launching.internal.org.objectweb.asm.ClassWriter::visitField (53 bytes)
Event: 114.652 Thread 0x00007fdb54230000 nmethod 817 0x00007fdb3cf62810 code [0x00007fdb3cf629e0, 0x00007fdb3cf62da0]
Event: 114.652 Thread 0x00007fdb54230000  818       3       org.eclipse.jdt.launching.internal.org.objectweb.asm.Attribute::computeAttributesSize (62 bytes)
Event: 114.658 Thread 0x00007fdb54230000 nmethod 818 0x00007fdb3cf62f10 code [0x00007fdb3cf63100, 0x00007fdb3cf63400]

GC Heap History (2 events):
Event: 0.395 GC heap before
{Heap before GC invocations=0 (full 0):
 garbage-first heap   total 251904K, used 15048K [0x000000070da00000, 0x0000000800000000)
  region size 1024K, 14 young (14336K), 0 survivors (0K)
 Metaspace       used 4312K, capacity 5479K, committed 5760K, reserved 1056768K
  class space    used 422K, capacity 526K, committed 640K, reserved 1048576K
}
Event: 0.405 GC heap after
{Heap after GC invocations=1 (full 0):
 garbage-first heap   total 251904K, used 2517K [0x000000070da00000, 0x0000000800000000)
  region size 1024K, 2 young (2048K), 2 survivors (2048K)
 Metaspace       used 4312K, capacity 5479K, committed 5760K, reserved 1056768K
  class space    used 422K, capacity 526K, committed 640K, reserved 1048576K
}

Deoptimization events (20 events):
Event: 0.350 Thread 0x00007fdb54019800 Uncommon trap: trap_request=0xffffff4d fr.pc=0x00007fdb44335014 relative=0x0000000000000254
Event: 0.350 Thread 0x00007fdb54019800 Uncommon trap: reason=unstable_if action=reinterpret pc=0x00007fdb44335014 method=java.util.HashMap.getNode(ILjava/lang/Object;)Ljava/util/HashMap$Node; @ 62 c2
Event: 0.350 Thread 0x00007fdb54019800 DEOPT PACKING pc=0x00007fdb44335014 sp=0x00007fdb584ee880
Event: 0.350 Thread 0x00007fdb54019800 DEOPT UNPACKING pc=0x00007fdb3c886ea5 sp=0x00007fdb584ee840 mode 2
Event: 0.350 Thread 0x00007fdb54019800 Uncommon trap: trap_request=0xffffffc6 fr.pc=0x00007fdb443337b0 relative=0x0000000000000d90
Event: 0.350 Thread 0x00007fdb54019800 Uncommon trap: reason=bimorphic_or_optimized_type_check action=maybe_recompile pc=0x00007fdb443337b0 method=java.util.HashMap.putVal(ILjava/lang/Object;Ljava/lang/Object;ZZ)Ljava/lang/Object; @ 91 c2
Event: 0.350 Thread 0x00007fdb54019800 DEOPT PACKING pc=0x00007fdb443337b0 sp=0x00007fdb584ee8b0
Event: 0.350 Thread 0x00007fdb54019800 DEOPT UNPACKING pc=0x00007fdb3c886ea5 sp=0x00007fdb584ee818 mode 2
Event: 0.351 Thread 0x00007fdb54019800 Uncommon trap: trap_request=0xffffffc6 fr.pc=0x00007fdb443337b0 relative=0x0000000000000d90
Event: 0.351 Thread 0x00007fdb54019800 Uncommon trap: reason=bimorphic_or_optimized_type_check action=maybe_recompile pc=0x00007fdb443337b0 method=java.util.HashMap.putVal(ILjava/lang/Object;Ljava/lang/Object;ZZ)Ljava/lang/Object; @ 91 c2
Event: 0.351 Thread 0x00007fdb54019800 DEOPT PACKING pc=0x00007fdb443337b0 sp=0x00007fdb584ee910
Event: 0.351 Thread 0x00007fdb54019800 DEOPT UNPACKING pc=0x00007fdb3c886ea5 sp=0x00007fdb584ee878 mode 2
Event: 0.351 Thread 0x00007fdb54019800 Uncommon trap: trap_request=0xffffffc6 fr.pc=0x00007fdb443337b0 relative=0x0000000000000d90
Event: 0.351 Thread 0x00007fdb54019800 Uncommon trap: reason=bimorphic_or_optimized_type_check action=maybe_recompile pc=0x00007fdb443337b0 method=java.util.HashMap.putVal(ILjava/lang/Object;Ljava/lang/Object;ZZ)Ljava/lang/Object; @ 91 c2
Event: 0.351 Thread 0x00007fdb54019800 DEOPT PACKING pc=0x00007fdb443337b0 sp=0x00007fdb584ee8a0
Event: 0.351 Thread 0x00007fdb54019800 DEOPT UNPACKING pc=0x00007fdb3c886ea5 sp=0x00007fdb584ee808 mode 2
Event: 0.351 Thread 0x00007fdb54019800 Uncommon trap: trap_request=0xffffffc6 fr.pc=0x00007fdb443337b0 relative=0x0000000000000d90
Event: 0.351 Thread 0x00007fdb54019800 Uncommon trap: reason=bimorphic_or_optimized_type_check action=maybe_recompile pc=0x00007fdb443337b0 method=java.util.HashMap.putVal(ILjava/lang/Object;Ljava/lang/Object;ZZ)Ljava/lang/Object; @ 91 c2
Event: 0.351 Thread 0x00007fdb54019800 DEOPT PACKING pc=0x00007fdb443337b0 sp=0x00007fdb584ee8c0
Event: 0.351 Thread 0x00007fdb54019800 DEOPT UNPACKING pc=0x00007fdb3c886ea5 sp=0x00007fdb584ee828 mode 2

Classes redefined (5 events):
Event: 29.434 Thread 0x00007fdb5421b000 redefined class name=it.uniroma3.diadia.ambienti.StanzaTest, count=1
Event: 47.015 Thread 0x00007fdb5421b000 redefined class name=it.uniroma3.diadia.ambienti.StanzaTest, count=2
Event: 111.075 Thread 0x00007fdb5421b000 redefined class name=it.uniroma3.diadia.ambienti.StanzaTest, count=3
Event: 114.657 Thread 0x00007fdb5421b000 redefined class name=it.uniroma3.diadia.ambienti.StanzaTest, count=4
Event: 129.334 Thread 0x00007fdb5421b000 redefined class name=it.uniroma3.diadia.ambienti.StanzaTest, count=5

Internal exceptions (1 events):
Event: 0.385 Thread 0x00007fdb54019800 Exception <a 'java/lang/NoSuchMethodError'{0x000000071c078c58}: 'int java.lang.invoke.DirectMethodHandle$Holder.invokeSpecialIFC(java.lang.Object, java.lang.Object, int)'> (0x000000071c078c58) thrown at [./src/hotspot/share/interpreter/linkResolver.cpp, line 772]

Events (20 events):
Event: 129.335 Executing VM operation: RedefineClasses done
Event: 129.339 Executing VM operation: ChangeBreakpoints
Event: 129.339 Executing VM operation: ChangeBreakpoints done
Event: 129.342 Executing VM operation: ChangeBreakpoints
Event: 129.342 Executing VM operation: ChangeBreakpoints done
Event: 129.345 Executing VM operation: ChangeBreakpoints
Event: 129.346 Executing VM operation: ChangeBreakpoints done
Event: 129.347 Executing VM operation: GetFrameCount
Event: 129.347 Executing VM operation: GetFrameCount done
Event: 129.347 Executing VM operation: GetStackTrace
Event: 129.347 Executing VM operation: GetStackTrace done
Event: 129.407 Executing VM operation: GetFrameCount
Event: 129.407 Executing VM operation: GetFrameCount done
Event: 129.407 Executing VM operation: GetOwnedMonitorInfo
Event: 129.407 Executing VM operation: GetOwnedMonitorInfo done
Event: 129.407 Executing VM operation: GetCurrentContendedMonitor
Event: 129.407 Executing VM operation: GetCurrentContendedMonitor done
Event: 129.415 Executing VM operation: GetFrameLocation
Event: 129.415 Executing VM operation: GetFrameLocation done
Event: 129.415 Executing VM operation: GetOrSetLocal


Dynamic libraries:
70da00000-71ce00000 rw-p 00000000 00:00 0 
71ce00000-7bfe00000 ---p 00000000 00:00 0 
7bfe00000-7bfe47000 rw-p 01118000 103:05 5244123                         /usr/lib/jvm/java-11-openjdk-amd64/lib/server/classes.jsa
7bfe47000-7bff00000 rw-p 00000000 00:00 0 
7bff00000-7bff6b000 rw-p 010ad000 103:05 5244123                         /usr/lib/jvm/java-11-openjdk-amd64/lib/server/classes.jsa
7bff6b000-7c0000000 rw-p 00000000 00:00 0 
7c0000000-800000000 ---p 00000000 00:00 0 
800000000-800002000 rwxp 00001000 103:05 5244123                         /usr/lib/jvm/java-11-openjdk-amd64/lib/server/classes.jsa
800002000-8010ac000 rw-p 00003000 103:05 5244123                         /usr/lib/jvm/java-11-openjdk-amd64/lib/server/classes.jsa
840000000-8400a0000 rw-p 00000000 00:00 0 
8400a0000-880000000 ---p 00000000 00:00 0 
55827846a000-55827846b000 r--p 00000000 103:05 5244133                   /usr/lib/jvm/java-11-openjdk-amd64/bin/java
55827846b000-55827846c000 r-xp 00001000 103:05 5244133                   /usr/lib/jvm/java-11-openjdk-amd64/bin/java
55827846c000-55827846d000 r--p 00002000 103:05 5244133                   /usr/lib/jvm/java-11-openjdk-amd64/bin/java
55827846d000-55827846e000 r--p 00002000 103:05 5244133                   /usr/lib/jvm/java-11-openjdk-amd64/bin/java
55827846e000-55827846f000 rw-p 00003000 103:05 5244133                   /usr/lib/jvm/java-11-openjdk-amd64/bin/java
558278cdc000-558278cfd000 rw-p 00000000 00:00 0                          [heap]
7fdad0000000-7fdad0021000 rw-p 00000000 00:00 0 
7fdad0021000-7fdad4000000 ---p 00000000 00:00 0 
7fdad4000000-7fdad4021000 rw-p 00000000 00:00 0 
7fdad4021000-7fdad8000000 ---p 00000000 00:00 0 
7fdad8000000-7fdad8021000 rw-p 00000000 00:00 0 
7fdad8021000-7fdadc000000 ---p 00000000 00:00 0 
7fdadc000000-7fdadc021000 rw-p 00000000 00:00 0 
7fdadc021000-7fdae0000000 ---p 00000000 00:00 0 
7fdae0000000-7fdae0021000 rw-p 00000000 00:00 0 
7fdae0021000-7fdae4000000 ---p 00000000 00:00 0 
7fdae4000000-7fdae427c000 rw-p 00000000 00:00 0 
7fdae427c000-7fdae8000000 ---p 00000000 00:00 0 
7fdae8000000-7fdae8021000 rw-p 00000000 00:00 0 
7fdae8021000-7fdaec000000 ---p 00000000 00:00 0 
7fdaec000000-7fdaec021000 rw-p 00000000 00:00 0 
7fdaec021000-7fdaf0000000 ---p 00000000 00:00 0 
7fdaf0000000-7fdaf0021000 rw-p 00000000 00:00 0 
7fdaf0021000-7fdaf4000000 ---p 00000000 00:00 0 
7fdaf4000000-7fdaf406f000 rw-p 00000000 00:00 0 
7fdaf406f000-7fdaf8000000 ---p 00000000 00:00 0 
7fdaf8000000-7fdaf8342000 rw-p 00000000 00:00 0 
7fdaf8342000-7fdafc000000 ---p 00000000 00:00 0 
7fdafc000000-7fdafc021000 rw-p 00000000 00:00 0 
7fdafc021000-7fdb00000000 ---p 00000000 00:00 0 
7fdb00000000-7fdb00021000 rw-p 00000000 00:00 0 
7fdb00021000-7fdb04000000 ---p 00000000 00:00 0 
7fdb04000000-7fdb0443c000 rw-p 00000000 00:00 0 
7fdb0443c000-7fdb08000000 ---p 00000000 00:00 0 
7fdb08000000-7fdb08021000 rw-p 00000000 00:00 0 
7fdb08021000-7fdb0c000000 ---p 00000000 00:00 0 
7fdb0edc7000-7fdb0edc8000 ---p 00000000 00:00 0 
7fdb0edc8000-7fdb0eec9000 rw-p 00000000 00:00 0 
7fdb0eec9000-7fdb0eeca000 ---p 00000000 00:00 0 
7fdb0eeca000-7fdb0efcb000 rw-p 00000000 00:00 0 
7fdb0efcb000-7fdb0efcc000 ---p 00000000 00:00 0 
7fdb0efcc000-7fdb0f0cd000 rw-p 00000000 00:00 0 
7fdb0f0cd000-7fdb0f0d1000 ---p 00000000 00:00 0 
7fdb0f0d1000-7fdb0f1ce000 rw-p 00000000 00:00 0 
7fdb0f1ce000-7fdb0f1d2000 ---p 00000000 00:00 0 
7fdb0f1d2000-7fdb0f2cf000 rw-p 00000000 00:00 0 
7fdb0f310000-7fdb0f311000 ---p 00000000 00:00 0 
7fdb0f311000-7fdb0f412000 rw-p 00000000 00:00 0 
7fdb0f412000-7fdb0f416000 r--p 00000000 103:05 5251344                   /usr/lib/jvm/java-11-openjdk-amd64/lib/libnet.so
7fdb0f416000-7fdb0f424000 r-xp 00004000 103:05 5251344                   /usr/lib/jvm/java-11-openjdk-amd64/lib/libnet.so
7fdb0f424000-7fdb0f428000 r--p 00012000 103:05 5251344                   /usr/lib/jvm/java-11-openjdk-amd64/lib/libnet.so
7fdb0f428000-7fdb0f429000 r--p 00015000 103:05 5251344                   /usr/lib/jvm/java-11-openjdk-amd64/lib/libnet.so
7fdb0f429000-7fdb0f42a000 rw-p 00016000 103:05 5251344                   /usr/lib/jvm/java-11-openjdk-amd64/lib/libnet.so
7fdb0f42a000-7fdb0f42e000 ---p 00000000 00:00 0 
7fdb0f42e000-7fdb0f52b000 rw-p 00000000 00:00 0 
7fdb0f52b000-7fdb0f52f000 ---p 00000000 00:00 0 
7fdb0f52f000-7fdb0f62c000 rw-p 00000000 00:00 0 
7fdb0f62c000-7fdb0f630000 ---p 00000000 00:00 0 
7fdb0f630000-7fdb0f72d000 rw-p 00000000 00:00 0 
7fdb0f72d000-7fdb0f731000 ---p 00000000 00:00 0 
7fdb0f731000-7fdb0f82e000 rw-p 00000000 00:00 0 
7fdb0f82e000-7fdb0f832000 ---p 00000000 00:00 0 
7fdb0f832000-7fdb0f92f000 rw-p 00000000 00:00 0 
7fdb0f92f000-7fdb0f933000 ---p 00000000 00:00 0 
7fdb0f933000-7fdb0fa30000 rw-p 00000000 00:00 0 
7fdb0fa30000-7fdb0fa34000 ---p 00000000 00:00 0 
7fdb0fa34000-7fdb0fb31000 rw-p 00000000 00:00 0 
7fdb0fb31000-7fdb0fb35000 ---p 00000000 00:00 0 
7fdb0fb35000-7fdb0fc32000 rw-p 00000000 00:00 0 
7fdb0fc32000-7fdb0fc36000 ---p 00000000 00:00 0 
7fdb0fc36000-7fdb0fd33000 rw-p 00000000 00:00 0 
7fdb0fd33000-7fdb0fd88000 r--p 00000000 103:05 5243110                   /usr/lib/locale/aa_DJ.utf8/LC_CTYPE
7fdb0fd88000-7fdb10000000 r--p 00000000 103:05 5243104                   /usr/lib/locale/aa_DJ.utf8/LC_COLLATE
7fdb10000000-7fdb10021000 rw-p 00000000 00:00 0 
7fdb10021000-7fdb14000000 ---p 00000000 00:00 0 
7fdb14000000-7fdb14021000 rw-p 00000000 00:00 0 
7fdb14021000-7fdb18000000 ---p 00000000 00:00 0 
7fdb18000000-7fdb18021000 rw-p 00000000 00:00 0 
7fdb18021000-7fdb1c000000 ---p 00000000 00:00 0 
7fdb1c000000-7fdb1c042000 rw-p 00000000 00:00 0 
7fdb1c042000-7fdb20000000 ---p 00000000 00:00 0 
7fdb20000000-7fdb20021000 rw-p 00000000 00:00 0 
7fdb20021000-7fdb24000000 ---p 00000000 00:00 0 
7fdb24000000-7fdb24021000 rw-p 00000000 00:00 0 
7fdb24021000-7fdb28000000 ---p 00000000 00:00 0 
7fdb28000000-7fdb28021000 rw-p 00000000 00:00 0 
7fdb28021000-7fdb2c000000 ---p 00000000 00:00 0 
7fdb2c00c000-7fdb2c010000 ---p 00000000 00:00 0 
7fdb2c010000-7fdb2c10d000 rw-p 00000000 00:00 0 
7fdb2c10d000-7fdb2c111000 ---p 00000000 00:00 0 
7fdb2c111000-7fdb2c20e000 rw-p 00000000 00:00 0 
7fdb2c20e000-7fdb2c20f000 ---p 00000000 00:00 0 
7fdb2c20f000-7fdb2c850000 rw-p 00000000 00:00 0 
7fdb2c850000-7fdb2cb10000 ---p 00000000 00:00 0 
7fdb2cb10000-7fdb2cb11000 ---p 00000000 00:00 0 
7fdb2cb11000-7fdb2cc12000 rw-p 00000000 00:00 0 
7fdb2cc12000-7fdb2cc13000 ---p 00000000 00:00 0 
7fdb2cc13000-7fdb2f3e7000 rw-p 00000000 00:00 0 
7fdb2f3e7000-7fdb31ca7000 ---p 00000000 00:00 0 
7fdb31ca7000-7fdb31caf000 rw-p 00000000 00:00 0 
7fdb31caf000-7fdb32caf000 ---p 00000000 00:00 0 
7fdb32caf000-7fdb3307f000 rw-p 00000000 00:00 0 
7fdb3307f000-7fdb3593f000 ---p 00000000 00:00 0 
7fdb3593f000-7fdb35947000 rw-p 00000000 00:00 0 
7fdb35947000-7fdb36947000 ---p 00000000 00:00 0 
7fdb36947000-7fdb369c1000 rw-p 00000000 00:00 0 
7fdb369c1000-7fdb36ed9000 ---p 00000000 00:00 0 
7fdb36ed9000-7fdb36eda000 rw-p 00000000 00:00 0 
7fdb36eda000-7fdb370da000 ---p 00000000 00:00 0 
7fdb370da000-7fdb37154000 rw-p 00000000 00:00 0 
7fdb37154000-7fdb3766c000 ---p 00000000 00:00 0 
7fdb3766c000-7fdb3766d000 rw-p 00000000 00:00 0 
7fdb3766d000-7fdb3786d000 ---p 00000000 00:00 0 
7fdb3786d000-7fdb378e7000 rw-p 00000000 00:00 0 
7fdb378e7000-7fdb37dff000 ---p 00000000 00:00 0 
7fdb37dff000-7fdb37e00000 rw-p 00000000 00:00 0 
7fdb37e00000-7fdb38000000 ---p 00000000 00:00 0 
7fdb38000000-7fdb38021000 rw-p 00000000 00:00 0 
7fdb38021000-7fdb3c000000 ---p 00000000 00:00 0 
7fdb3c003000-7fdb3c004000 r--p 00000000 103:05 5251326                   /usr/lib/jvm/java-11-openjdk-amd64/lib/libextnet.so
7fdb3c004000-7fdb3c005000 r-xp 00001000 103:05 5251326                   /usr/lib/jvm/java-11-openjdk-amd64/lib/libextnet.so
7fdb3c005000-7fdb3c006000 r--p 00002000 103:05 5251326                   /usr/lib/jvm/java-11-openjdk-amd64/lib/libextnet.so
7fdb3c006000-7fdb3c007000 r--p 00002000 103:05 5251326                   /usr/lib/jvm/java-11-openjdk-amd64/lib/libextnet.so
7fdb3c007000-7fdb3c008000 rw-p 00003000 103:05 5251326                   /usr/lib/jvm/java-11-openjdk-amd64/lib/libextnet.so
7fdb3c008000-7fdb3c00f000 r--p 00000000 103:05 5251345                   /usr/lib/jvm/java-11-openjdk-amd64/lib/libnio.so
7fdb3c00f000-7fdb3c016000 r-xp 00007000 103:05 5251345                   /usr/lib/jvm/java-11-openjdk-amd64/lib/libnio.so
7fdb3c016000-7fdb3c019000 r--p 0000e000 103:05 5251345                   /usr/lib/jvm/java-11-openjdk-amd64/lib/libnio.so
7fdb3c019000-7fdb3c01a000 r--p 00010000 103:05 5251345                   /usr/lib/jvm/java-11-openjdk-amd64/lib/libnio.so
7fdb3c01a000-7fdb3c01b000 rw-p 00011000 103:05 5251345                   /usr/lib/jvm/java-11-openjdk-amd64/lib/libnio.so
7fdb3c01b000-7fdb3c01c000 r--p 00000000 103:05 5251325                   /usr/lib/jvm/java-11-openjdk-amd64/lib/libdt_socket.so
7fdb3c01c000-7fdb3c01f000 r-xp 00001000 103:05 5251325                   /usr/lib/jvm/java-11-openjdk-amd64/lib/libdt_socket.so
7fdb3c01f000-7fdb3c020000 r--p 00004000 103:05 5251325                   /usr/lib/jvm/java-11-openjdk-amd64/lib/libdt_socket.so
7fdb3c020000-7fdb3c021000 ---p 00005000 103:05 5251325                   /usr/lib/jvm/java-11-openjdk-amd64/lib/libdt_socket.so
7fdb3c021000-7fdb3c022000 r--p 00005000 103:05 5251325                   /usr/lib/jvm/java-11-openjdk-amd64/lib/libdt_socket.so
7fdb3c022000-7fdb3c023000 rw-p 00006000 103:05 5251325                   /usr/lib/jvm/java-11-openjdk-amd64/lib/libdt_socket.so
7fdb3c023000-7fdb3c024000 r--p 00000000 103:05 5243168                   /usr/lib/locale/aa_ET/LC_NUMERIC
7fdb3c024000-7fdb3c025000 r--p 00000000 103:05 5383310                   /usr/lib/locale/en_US.utf8/LC_TIME
7fdb3c025000-7fdb3c026000 r--p 00000000 103:05 5382929                   /usr/lib/locale/chr_US/LC_MONETARY
7fdb3c026000-7fdb3c027000 r--p 00000000 103:05 5383151                   /usr/lib/locale/en_AG/LC_MESSAGES/SYS_LC_MESSAGES
7fdb3c027000-7fdb3c028000 r--p 00000000 103:05 5382930                   /usr/lib/locale/chr_US/LC_PAPER
7fdb3c028000-7fdb3c029000 r--p 00000000 103:05 5382689                   /usr/lib/locale/bi_VU/LC_NAME
7fdb3c029000-7fdb3c02a000 r--p 00000000 103:05 5383308                   /usr/lib/locale/en_US.utf8/LC_ADDRESS
7fdb3c02a000-7fdb3c02b000 r--p 00000000 103:05 5382931                   /usr/lib/locale/chr_US/LC_TELEPHONE
7fdb3c02b000-7fdb3c032000 r--s 00000000 103:05 5379254                   /usr/lib/x86_64-linux-gnu/gconv/gconv-modules.cache
7fdb3c032000-7fdb3c1b4000 rw-p 00000000 00:00 0 
7fdb3c1b4000-7fdb3c1b5000 ---p 00000000 00:00 0 
7fdb3c1b5000-7fdb3c2b6000 rw-p 00000000 00:00 0 
7fdb3c2b6000-7fdb3c2b7000 ---p 00000000 00:00 0 
7fdb3c2b7000-7fdb3c83d000 rw-p 00000000 00:00 0 
7fdb3c83d000-7fdb3caad000 rwxp 00000000 00:00 0 
7fdb3caad000-7fdb3cdcd000 ---p 00000000 00:00 0 
7fdb3cdcd000-7fdb3d03d000 rwxp 00000000 00:00 0 
7fdb3d03d000-7fdb44305000 ---p 00000000 00:00 0 
7fdb44305000-7fdb44575000 rwxp 00000000 00:00 0 
7fdb44575000-7fdb4b83d000 ---p 00000000 00:00 0 
7fdb4b83d000-7fdb54000000 r--s 00000000 103:05 5251354                   /usr/lib/jvm/java-11-openjdk-amd64/lib/modules
7fdb54000000-7fdb544c0000 rw-p 00000000 00:00 0 
7fdb544c0000-7fdb58000000 ---p 00000000 00:00 0 
7fdb58000000-7fdb58001000 r--p 00000000 103:05 5382927                   /usr/lib/locale/chr_US/LC_MEASUREMENT
7fdb58001000-7fdb5805c000 rw-p 00000000 00:00 0 
7fdb5805c000-7fdb5805d000 ---p 00000000 00:00 0 
7fdb5805d000-7fdb58163000 rw-p 00000000 00:00 0 
7fdb58163000-7fdb58249000 ---p 00000000 00:00 0 
7fdb58249000-7fdb5824e000 rw-p 00000000 00:00 0 
7fdb5824e000-7fdb58334000 ---p 00000000 00:00 0 
7fdb58334000-7fdb58339000 rw-p 00000000 00:00 0 
7fdb58339000-7fdb58340000 ---p 00000000 00:00 0 
7fdb58340000-7fdb58343000 r--p 00000000 103:05 5376462                   /usr/lib/x86_64-linux-gnu/libnss_files-2.33.so
7fdb58343000-7fdb58349000 r-xp 00003000 103:05 5376462                   /usr/lib/x86_64-linux-gnu/libnss_files-2.33.so
7fdb58349000-7fdb5834b000 r--p 00009000 103:05 5376462                   /usr/lib/x86_64-linux-gnu/libnss_files-2.33.so
7fdb5834b000-7fdb5834c000 r--p 0000a000 103:05 5376462                   /usr/lib/x86_64-linux-gnu/libnss_files-2.33.so
7fdb5834c000-7fdb5834d000 rw-p 0000b000 103:05 5376462                   /usr/lib/x86_64-linux-gnu/libnss_files-2.33.so
7fdb5834d000-7fdb58353000 rw-p 00000000 00:00 0 
7fdb58353000-7fdb58355000 r--s 0000c000 103:05 1446599                   /usr/share/java/java-atk-wrapper.jar
7fdb58355000-7fdb58357000 r--p 00000000 103:05 5251353                   /usr/lib/jvm/java-11-openjdk-amd64/lib/libzip.so
7fdb58357000-7fdb5835b000 r-xp 00002000 103:05 5251353                   /usr/lib/jvm/java-11-openjdk-amd64/lib/libzip.so
7fdb5835b000-7fdb5835d000 r--p 00006000 103:05 5251353                   /usr/lib/jvm/java-11-openjdk-amd64/lib/libzip.so
7fdb5835d000-7fdb5835e000 r--p 00007000 103:05 5251353                   /usr/lib/jvm/java-11-openjdk-amd64/lib/libzip.so
7fdb5835e000-7fdb5835f000 rw-p 00008000 103:05 5251353                   /usr/lib/jvm/java-11-openjdk-amd64/lib/libzip.so
7fdb5835f000-7fdb58367000 rw-s 00000000 103:05 4850323                   /tmp/hsperfdata_hermann/7795
7fdb58367000-7fdb58369000 r--p 00000000 103:05 5251328                   /usr/lib/jvm/java-11-openjdk-amd64/lib/libinstrument.so
7fdb58369000-7fdb5836f000 r-xp 00002000 103:05 5251328                   /usr/lib/jvm/java-11-openjdk-amd64/lib/libinstrument.so
7fdb5836f000-7fdb58372000 r--p 00008000 103:05 5251328                   /usr/lib/jvm/java-11-openjdk-amd64/lib/libinstrument.so
7fdb58372000-7fdb58373000 r--p 0000a000 103:05 5251328                   /usr/lib/jvm/java-11-openjdk-amd64/lib/libinstrument.so
7fdb58373000-7fdb58374000 rw-p 0000b000 103:05 5251328                   /usr/lib/jvm/java-11-openjdk-amd64/lib/libinstrument.so
7fdb58374000-7fdb58376000 r--p 00000000 103:05 5251335                   /usr/lib/jvm/java-11-openjdk-amd64/lib/libjdwp.so
7fdb58376000-7fdb583a2000 r-xp 00002000 103:05 5251335                   /usr/lib/jvm/java-11-openjdk-amd64/lib/libjdwp.so
7fdb583a2000-7fdb583b0000 r--p 0002e000 103:05 5251335                   /usr/lib/jvm/java-11-openjdk-amd64/lib/libjdwp.so
7fdb583b0000-7fdb583b1000 r--p 0003b000 103:05 5251335                   /usr/lib/jvm/java-11-openjdk-amd64/lib/libjdwp.so
7fdb583b1000-7fdb583b2000 rw-p 0003c000 103:05 5251335                   /usr/lib/jvm/java-11-openjdk-amd64/lib/libjdwp.so
7fdb583b2000-7fdb583b4000 r--p 00000000 103:05 5251336                   /usr/lib/jvm/java-11-openjdk-amd64/lib/libjimage.so
7fdb583b4000-7fdb583b7000 r-xp 00002000 103:05 5251336                   /usr/lib/jvm/java-11-openjdk-amd64/lib/libjimage.so
7fdb583b7000-7fdb583b8000 r--p 00005000 103:05 5251336                   /usr/lib/jvm/java-11-openjdk-amd64/lib/libjimage.so
7fdb583b8000-7fdb583b9000 ---p 00006000 103:05 5251336                   /usr/lib/jvm/java-11-openjdk-amd64/lib/libjimage.so
7fdb583b9000-7fdb583ba000 r--p 00006000 103:05 5251336                   /usr/lib/jvm/java-11-openjdk-amd64/lib/libjimage.so
7fdb583ba000-7fdb583bb000 rw-p 00007000 103:05 5251336                   /usr/lib/jvm/java-11-openjdk-amd64/lib/libjimage.so
7fdb583bb000-7fdb583c8000 r--p 00000000 103:05 5251333                   /usr/lib/jvm/java-11-openjdk-amd64/lib/libjava.so
7fdb583c8000-7fdb583dd000 r-xp 0000d000 103:05 5251333                   /usr/lib/jvm/java-11-openjdk-amd64/lib/libjava.so
7fdb583dd000-7fdb583e3000 r--p 00022000 103:05 5251333                   /usr/lib/jvm/java-11-openjdk-amd64/lib/libjava.so
7fdb583e3000-7fdb583e4000 ---p 00028000 103:05 5251333                   /usr/lib/jvm/java-11-openjdk-amd64/lib/libjava.so
7fdb583e4000-7fdb583e5000 r--p 00028000 103:05 5251333                   /usr/lib/jvm/java-11-openjdk-amd64/lib/libjava.so
7fdb583e5000-7fdb583e6000 rw-p 00029000 103:05 5251333                   /usr/lib/jvm/java-11-openjdk-amd64/lib/libjava.so
7fdb583e6000-7fdb583e7000 rw-p 00000000 00:00 0 
7fdb583e7000-7fdb583ea000 r--p 00000000 103:05 5376516                   /usr/lib/x86_64-linux-gnu/librt-2.33.so
7fdb583ea000-7fdb583ee000 r-xp 00003000 103:05 5376516                   /usr/lib/x86_64-linux-gnu/librt-2.33.so
7fdb583ee000-7fdb583ef000 r--p 00007000 103:05 5376516                   /usr/lib/x86_64-linux-gnu/librt-2.33.so
7fdb583ef000-7fdb583f0000 ---p 00008000 103:05 5376516                   /usr/lib/x86_64-linux-gnu/librt-2.33.so
7fdb583f0000-7fdb583f1000 r--p 00008000 103:05 5376516                   /usr/lib/x86_64-linux-gnu/librt-2.33.so
7fdb583f1000-7fdb583f2000 rw-p 00009000 103:05 5376516                   /usr/lib/x86_64-linux-gnu/librt-2.33.so
7fdb583f2000-7fdb583f6000 ---p 00000000 00:00 0 
7fdb583f6000-7fdb584f3000 rw-p 00000000 00:00 0 
7fdb584f3000-7fdb584f6000 r--p 00000000 103:05 5374009                   /usr/lib/x86_64-linux-gnu/libgcc_s.so.1
7fdb584f6000-7fdb5850d000 r-xp 00003000 103:05 5374009                   /usr/lib/x86_64-linux-gnu/libgcc_s.so.1
7fdb5850d000-7fdb58511000 r--p 0001a000 103:05 5374009                   /usr/lib/x86_64-linux-gnu/libgcc_s.so.1
7fdb58511000-7fdb58512000 r--p 0001d000 103:05 5374009                   /usr/lib/x86_64-linux-gnu/libgcc_s.so.1
7fdb58512000-7fdb58513000 rw-p 0001e000 103:05 5374009                   /usr/lib/x86_64-linux-gnu/libgcc_s.so.1
7fdb58513000-7fdb58522000 r--p 00000000 103:05 5376259                   /usr/lib/x86_64-linux-gnu/libm-2.33.so
7fdb58522000-7fdb585bc000 r-xp 0000f000 103:05 5376259                   /usr/lib/x86_64-linux-gnu/libm-2.33.so
7fdb585bc000-7fdb58654000 r--p 000a9000 103:05 5376259                   /usr/lib/x86_64-linux-gnu/libm-2.33.so
7fdb58654000-7fdb58655000 r--p 00140000 103:05 5376259                   /usr/lib/x86_64-linux-gnu/libm-2.33.so
7fdb58655000-7fdb58656000 rw-p 00141000 103:05 5376259                   /usr/lib/x86_64-linux-gnu/libm-2.33.so
7fdb58656000-7fdb586ef000 r--p 00000000 103:05 5376338                   /usr/lib/x86_64-linux-gnu/libstdc++.so.6.0.30
7fdb586ef000-7fdb587f1000 r-xp 00099000 103:05 5376338                   /usr/lib/x86_64-linux-gnu/libstdc++.so.6.0.30
7fdb587f1000-7fdb58861000 r--p 0019b000 103:05 5376338                   /usr/lib/x86_64-linux-gnu/libstdc++.so.6.0.30
7fdb58861000-7fdb58862000 ---p 0020b000 103:05 5376338                   /usr/lib/x86_64-linux-gnu/libstdc++.so.6.0.30
7fdb58862000-7fdb5886d000 r--p 0020b000 103:05 5376338                   /usr/lib/x86_64-linux-gnu/libstdc++.so.6.0.30
7fdb5886d000-7fdb58870000 rw-p 00216000 103:05 5376338                   /usr/lib/x86_64-linux-gnu/libstdc++.so.6.0.30
7fdb58870000-7fdb58873000 rw-p 00000000 00:00 0 
7fdb58873000-7fdb58af5000 r--p 00000000 103:05 5251357                   /usr/lib/jvm/java-11-openjdk-amd64/lib/server/libjvm.so
7fdb58af5000-7fdb59767000 r-xp 00282000 103:05 5251357                   /usr/lib/jvm/java-11-openjdk-amd64/lib/server/libjvm.so
7fdb59767000-7fdb599bf000 r--p 00ef4000 103:05 5251357                   /usr/lib/jvm/java-11-openjdk-amd64/lib/server/libjvm.so
7fdb599bf000-7fdb59a83000 r--p 0114b000 103:05 5251357                   /usr/lib/jvm/java-11-openjdk-amd64/lib/server/libjvm.so
7fdb59a83000-7fdb59abe000 rw-p 0120f000 103:05 5251357                   /usr/lib/jvm/java-11-openjdk-amd64/lib/server/libjvm.so
7fdb59abe000-7fdb59b17000 rw-p 00000000 00:00 0 
7fdb59b17000-7fdb59b1e000 r--p 00000000 103:05 5376514                   /usr/lib/x86_64-linux-gnu/libpthread-2.33.so
7fdb59b1e000-7fdb59b2d000 r-xp 00007000 103:05 5376514                   /usr/lib/x86_64-linux-gnu/libpthread-2.33.so
7fdb59b2d000-7fdb59b32000 r--p 00016000 103:05 5376514                   /usr/lib/x86_64-linux-gnu/libpthread-2.33.so
7fdb59b32000-7fdb59b33000 r--p 0001a000 103:05 5376514                   /usr/lib/x86_64-linux-gnu/libpthread-2.33.so
7fdb59b33000-7fdb59b34000 rw-p 0001b000 103:05 5376514                   /usr/lib/x86_64-linux-gnu/libpthread-2.33.so
7fdb59b34000-7fdb59b38000 rw-p 00000000 00:00 0 
7fdb59b38000-7fdb59b3a000 r--p 00000000 103:05 5376150                   /usr/lib/x86_64-linux-gnu/libdl-2.33.so
7fdb59b3a000-7fdb59b3c000 r-xp 00002000 103:05 5376150                   /usr/lib/x86_64-linux-gnu/libdl-2.33.so
7fdb59b3c000-7fdb59b3d000 r--p 00004000 103:05 5376150                   /usr/lib/x86_64-linux-gnu/libdl-2.33.so
7fdb59b3d000-7fdb59b3e000 r--p 00004000 103:05 5376150                   /usr/lib/x86_64-linux-gnu/libdl-2.33.so
7fdb59b3e000-7fdb59b3f000 rw-p 00005000 103:05 5376150                   /usr/lib/x86_64-linux-gnu/libdl-2.33.so
7fdb59b3f000-7fdb59b42000 r--p 00000000 103:05 5378826                   /usr/lib/x86_64-linux-gnu/libz.so.1.2.11
7fdb59b42000-7fdb59b53000 r-xp 00003000 103:05 5378826                   /usr/lib/x86_64-linux-gnu/libz.so.1.2.11
7fdb59b53000-7fdb59b59000 r--p 00014000 103:05 5378826                   /usr/lib/x86_64-linux-gnu/libz.so.1.2.11
7fdb59b59000-7fdb59b5a000 ---p 0001a000 103:05 5378826                   /usr/lib/x86_64-linux-gnu/libz.so.1.2.11
7fdb59b5a000-7fdb59b5b000 r--p 0001a000 103:05 5378826                   /usr/lib/x86_64-linux-gnu/libz.so.1.2.11
7fdb59b5b000-7fdb59b5c000 rw-p 0001b000 103:05 5378826                   /usr/lib/x86_64-linux-gnu/libz.so.1.2.11
7fdb59b5c000-7fdb59b82000 r--p 00000000 103:05 5376093                   /usr/lib/x86_64-linux-gnu/libc-2.33.so
7fdb59b82000-7fdb59cda000 r-xp 00026000 103:05 5376093                   /usr/lib/x86_64-linux-gnu/libc-2.33.so
7fdb59cda000-7fdb59d26000 r--p 0017e000 103:05 5376093                   /usr/lib/x86_64-linux-gnu/libc-2.33.so
7fdb59d26000-7fdb59d27000 ---p 001ca000 103:05 5376093                   /usr/lib/x86_64-linux-gnu/libc-2.33.so
7fdb59d27000-7fdb59d2a000 r--p 001ca000 103:05 5376093                   /usr/lib/x86_64-linux-gnu/libc-2.33.so
7fdb59d2a000-7fdb59d2d000 rw-p 001cd000 103:05 5376093                   /usr/lib/x86_64-linux-gnu/libc-2.33.so
7fdb59d2d000-7fdb59d36000 rw-p 00000000 00:00 0 
7fdb59d36000-7fdb59d37000 r--p 00000000 103:05 5383309                   /usr/lib/locale/en_US.utf8/LC_IDENTIFICATION
7fdb59d37000-7fdb59d38000 ---p 00000000 00:00 0 
7fdb59d38000-7fdb59d39000 r--p 00000000 00:00 0 
7fdb59d39000-7fdb59d3e000 r--p 00000000 103:05 5251352                   /usr/lib/jvm/java-11-openjdk-amd64/lib/libverify.so
7fdb59d3e000-7fdb59d45000 r-xp 00005000 103:05 5251352                   /usr/lib/jvm/java-11-openjdk-amd64/lib/libverify.so
7fdb59d45000-7fdb59d47000 r--p 0000c000 103:05 5251352                   /usr/lib/jvm/java-11-openjdk-amd64/lib/libverify.so
7fdb59d47000-7fdb59d49000 r--p 0000d000 103:05 5251352                   /usr/lib/jvm/java-11-openjdk-amd64/lib/libverify.so
7fdb59d49000-7fdb59d4a000 rw-p 0000f000 103:05 5251352                   /usr/lib/jvm/java-11-openjdk-amd64/lib/libverify.so
7fdb59d4a000-7fdb59d4d000 r--p 00000000 103:05 5251318                   /usr/lib/jvm/java-11-openjdk-amd64/lib/jli/libjli.so
7fdb59d4d000-7fdb59d57000 r-xp 00003000 103:05 5251318                   /usr/lib/jvm/java-11-openjdk-amd64/lib/jli/libjli.so
7fdb59d57000-7fdb59d5a000 r--p 0000d000 103:05 5251318                   /usr/lib/jvm/java-11-openjdk-amd64/lib/jli/libjli.so
7fdb59d5a000-7fdb59d5b000 ---p 00010000 103:05 5251318                   /usr/lib/jvm/java-11-openjdk-amd64/lib/jli/libjli.so
7fdb59d5b000-7fdb59d5c000 r--p 00010000 103:05 5251318                   /usr/lib/jvm/java-11-openjdk-amd64/lib/jli/libjli.so
7fdb59d5c000-7fdb59d5d000 rw-p 00011000 103:05 5251318                   /usr/lib/jvm/java-11-openjdk-amd64/lib/jli/libjli.so
7fdb59d5d000-7fdb59d5f000 rw-p 00000000 00:00 0 
7fdb59d5f000-7fdb59d60000 r--p 00000000 103:05 5375754                   /usr/lib/x86_64-linux-gnu/ld-2.33.so
7fdb59d60000-7fdb59d84000 r-xp 00001000 103:05 5375754                   /usr/lib/x86_64-linux-gnu/ld-2.33.so
7fdb59d84000-7fdb59d8e000 r--p 00025000 103:05 5375754                   /usr/lib/x86_64-linux-gnu/ld-2.33.so
7fdb59d8e000-7fdb59d90000 r--p 0002e000 103:05 5375754                   /usr/lib/x86_64-linux-gnu/ld-2.33.so
7fdb59d90000-7fdb59d92000 rw-p 00030000 103:05 5375754                   /usr/lib/x86_64-linux-gnu/ld-2.33.so
7ffcf43ce000-7ffcf43ef000 rw-p 00000000 00:00 0                          [stack]
7ffcf43f6000-7ffcf43fa000 r--p 00000000 00:00 0                          [vvar]
7ffcf43fa000-7ffcf43fc000 r-xp 00000000 00:00 0                          [vdso]


VM Arguments:
jvm_args: -agentlib:jdwp=transport=dt_socket,suspend=y,address=localhost:39827 -ea -javaagent:/home/hermann/eclipse/java-2022-03/eclipse/configuration/org.eclipse.osgi/217/0/.cp/lib/javaagent-shaded.jar -Dfile.encoding=UTF-8 -Dawt.useSystemAAFontSettings=on -Dswing.aatext=true 
java_command: org.eclipse.jdt.internal.junit.runner.RemoteTestRunner -version 3 -port 33429 -testLoaderClass org.eclipse.jdt.internal.junit4.runner.JUnit4TestLoader -loaderpluginname org.eclipse.jdt.junit4.runtime -classNames it.uniroma3.diadia.ambienti.StanzaTest
java_class_path (initial): /home/hermann/git/diadia/diadia/bin:/home/hermann/.p2/pool/plugins/org.junit.jupiter.api_5.8.1.v20211018-1956.jar:/home/hermann/.p2/pool/plugins/org.junit.jupiter.engine_5.8.1.v20211018-1956.jar:/home/hermann/.p2/pool/plugins/org.junit.jupiter.migrationsupport_5.8.1.v20211018-1956.jar:/home/hermann/.p2/pool/plugins/org.junit.jupiter.params_5.8.1.v20211018-1956.jar:/home/hermann/.p2/pool/plugins/org.junit.platform.commons_1.8.1.v20211018-1956.jar:/home/hermann/.p2/pool/plugins/org.junit.platform.engine_1.8.1.v20211018-1956.jar:/home/hermann/.p2/pool/plugins/org.junit.platform.launcher_1.8.1.v20211018-1956.jar:/home/hermann/.p2/pool/plugins/org.junit.platform.runner_1.8.1.v20211018-1956.jar:/home/hermann/.p2/pool/plugins/org.junit.platform.suite.api_1.8.1.v20211018-1956.jar:/home/hermann/.p2/pool/plugins/org.junit.platform.suite.engine_1.8.1.v20211028-1957.jar:/home/hermann/.p2/pool/plugins/org.junit.platform.suite.commons_1.8.1.v20211018-1956.jar:/home/hermann/.p2/pool/plugins/org.junit.vintage.engine_5.8.1.v20211018-1956.jar:/home/hermann/.p2/pool/plugins/org.opentest4j_1.2.0.v20211018-1956.jar:/home/hermann/.p2/pool/plugins/org.apiguardian_1.1.2.v20211018-1956.jar:/home/hermann/.p2/pool/plugins/org.junit_4.13.2.v20211018-1956.jar:/home/hermann/.p2/pool/plugins/org.hamcrest.core_1.3.0.v20180420-1519.jar:/home/hermann/eclipse/java-2022-03/eclipse/configuration/org.eclipse.osgi/215/0/.cp:/home/hermann/eclipse/java-2022-03/eclipse/configuration/org.eclipse.osgi/214/0/.cp
Launcher Type: SUN_STANDARD

[Global flags]
     intx CICompilerCount                          = 3                                         {product} {ergonomic}
     uint ConcGCThreads                            = 1                                         {product} {ergonomic}
     uint G1ConcRefinementThreads                  = 4                                         {product} {ergonomic}
   size_t G1HeapRegionSize                         = 1048576                                   {product} {ergonomic}
    uintx GCDrainStackTargetSize                   = 64                                        {product} {ergonomic}
   size_t InitialHeapSize                          = 255852544                                 {product} {ergonomic}
   size_t MarkStackSize                            = 4194304                                   {product} {ergonomic}
   size_t MaxHeapSize                              = 4066377728                                {product} {ergonomic}
   size_t MaxNewSize                               = 2438987776                                {product} {ergonomic}
   size_t MinHeapDeltaBytes                        = 1048576                                   {product} {ergonomic}
    uintx NonNMethodCodeHeapSize                   = 5830732                                {pd product} {ergonomic}
    uintx NonProfiledCodeHeapSize                  = 122913754                              {pd product} {ergonomic}
    uintx ProfiledCodeHeapSize                     = 122913754                              {pd product} {ergonomic}
    uintx ReservedCodeCacheSize                    = 251658240                              {pd product} {ergonomic}
     bool SegmentedCodeCache                       = true                                      {product} {ergonomic}
     bool UseCompressedClassPointers               = true                                 {lp64_product} {ergonomic}
     bool UseCompressedOops                        = true                                 {lp64_product} {ergonomic}
     bool UseG1GC                                  = true                                      {product} {ergonomic}

Logging:
Log output configuration:
 #0: stdout all=warning uptime,level,tags
 #1: stderr all=off uptime,level,tags

Environment Variables:
_JAVA_OPTIONS=-Dawt.useSystemAAFontSettings=on -Dswing.aatext=true
PATH=/usr/local/sbin:/usr/local/bin:/usr/sbin:/usr/bin:/sbin:/bin:/usr/local/games:/usr/games
SHELL=/usr/bin/zsh
DISPLAY=:0.0
LANG=en_US.UTF-8

Signal Handlers:
SIGSEGV: [libjvm.so+0xe83fd0], sa_mask[0]=11111111011111111101111111111110, sa_flags=SA_RESTART|SA_SIGINFO
SIGBUS: [libjvm.so+0xe83fd0], sa_mask[0]=11111111011111111101111111111110, sa_flags=SA_RESTART|SA_SIGINFO
SIGFPE: [libjvm.so+0xe83fd0], sa_mask[0]=11111111011111111101111111111110, sa_flags=SA_RESTART|SA_SIGINFO
SIGPIPE: [libjvm.so+0xbcdd70], sa_mask[0]=11111111011111111101111111111110, sa_flags=SA_RESTART|SA_SIGINFO
SIGXFSZ: [libjvm.so+0xbcdd70], sa_mask[0]=11111111011111111101111111111110, sa_flags=SA_RESTART|SA_SIGINFO
SIGILL: [libjvm.so+0xe83fd0], sa_mask[0]=11111111011111111101111111111110, sa_flags=SA_RESTART|SA_SIGINFO
SIGUSR2: [libjvm.so+0xbcdc10], sa_mask[0]=00100000000000000000000000000000, sa_flags=SA_RESTART|SA_SIGINFO
SIGHUP: [libjvm.so+0xbce1a0], sa_mask[0]=11111111011111111101111111111110, sa_flags=SA_RESTART|SA_SIGINFO
SIGINT: [libjvm.so+0xbce1a0], sa_mask[0]=11111111011111111101111111111110, sa_flags=SA_RESTART|SA_SIGINFO
SIGTERM: [libjvm.so+0xbce1a0], sa_mask[0]=11111111011111111101111111111110, sa_flags=SA_RESTART|SA_SIGINFO
SIGQUIT: [libjvm.so+0xbce1a0], sa_mask[0]=11111111011111111101111111111110, sa_flags=SA_RESTART|SA_SIGINFO


---------------  S Y S T E M  ---------------

OS:PRETTY_NAME="Kali GNU/Linux Rolling"
NAME="Kali GNU/Linux"
ID=kali
VERSION="2022.1"
VERSION_ID="2022.1"
VERSION_CODENAME="kali-rolling"
ID_LIKE=debian
ANSI_COLOR="1;31"
HOME_URL="https://www.kali.org/"
SUPPORT_URL="https://forums.kali.org/"
BUG_REPORT_URL="https://bugs.kali.org/"
uname:Linux 5.16.0-kali7-amd64 #1 SMP PREEMPT Debian 5.16.18-1kali1 (2022-04-01) x86_64
OS uptime: 0 days 2:33 hours
libc:glibc 2.33 NPTL 2.33 
rlimit (soft/hard): STACK 8192k/infinity , CORE 0k/infinity , NPROC 61741/61741 , NOFILE 1048576/1048576 , AS infinity/infinity , CPU infinity/infinity , DATA infinity/infinity , FSIZE infinity/infinity , MEMLOCK 1985412k/1985412k
load average:1.15 0.88 0.58

/proc/meminfo:
MemTotal:       15883324 kB
MemFree:         9083448 kB
MemAvailable:   10602868 kB
Buffers:          216224 kB
Cached:          2265512 kB
SwapCached:            0 kB
Active:           781472 kB
Inactive:        5018452 kB
Active(anon):       2512 kB
Inactive(anon):  4085044 kB
Active(file):     778960 kB
Inactive(file):   933408 kB
Unevictable:      621820 kB
Mlocked:             192 kB
SwapTotal:       1000444 kB
SwapFree:        1000444 kB
Dirty:               256 kB
Writeback:            80 kB
AnonPages:       3889136 kB
Mapped:           856096 kB
Shmem:            791248 kB
KReclaimable:     124688 kB
Slab:             203944 kB
SReclaimable:     124688 kB
SUnreclaim:        79256 kB
KernelStack:       13704 kB
PageTables:        40476 kB
NFS_Unstable:          0 kB
Bounce:                0 kB
WritebackTmp:          0 kB
CommitLimit:     8942104 kB
Committed_AS:   11076244 kB
VmallocTotal:   34359738367 kB
VmallocUsed:       40068 kB
VmallocChunk:          0 kB
Percpu:             3392 kB
HardwareCorrupted:     0 kB
AnonHugePages:   2220032 kB
ShmemHugePages:   538624 kB
ShmemPmdMapped:        0 kB
FileHugePages:         0 kB
FilePmdMapped:         0 kB
HugePages_Total:       0
HugePages_Free:        0
HugePages_Rsvd:        0
HugePages_Surp:        0
Hugepagesize:       2048 kB
Hugetlb:               0 kB
DirectMap4k:      260932 kB
DirectMap2M:     7616512 kB
DirectMap1G:     8388608 kB

/sys/kernel/mm/transparent_hugepage/enabled:
[always] madvise never
/sys/kernel/mm/transparent_hugepage/defrag (defrag/compaction efforts parameter):
always defer defer+madvise [madvise] never

Process Memory:
Virtual Size: 7248336K (peak: 15475116K)
Resident Set Size: 74140K (peak: 74172K) (anon: 45280K, file: 28860K, shmem: 0K)
Swapped out: 0K
C-Heap outstanding allocations: 5387K

/proc/sys/kernel/threads-max (system-wide limit on the number of threads):
123483
/proc/sys/vm/max_map_count (maximum number of memory map areas a process may have):
65530
/proc/sys/kernel/pid_max (system-wide limit on number of process identifiers):
4194304

Steal ticks since vm start: 0
Steal ticks percentage since vm start:  0.000

CPU:total 4 (initial active 4) (2 cores per cpu, 2 threads per core) family 6 model 142 stepping 12 microcode 0xec, cmov, cx8, fxsr, mmx, sse, sse2, sse3, ssse3, sse4.1, sse4.2, popcnt, avx, avx2, aes, clmul, erms, 3dnowpref, lzcnt, ht, tsc, tscinvbit, bmi1, bmi2, adx, fma
CPU Model and flags from /proc/cpuinfo:
model name	: Intel(R) Core(TM) i3-10110U CPU @ 2.10GHz
flags		: fpu vme de pse tsc msr pae mce cx8 apic sep mtrr pge mca cmov pat pse36 clflush dts acpi mmx fxsr sse sse2 ss ht tm pbe syscall nx pdpe1gb rdtscp lm constant_tsc art arch_perfmon pebs bts rep_good nopl xtopology nonstop_tsc cpuid aperfmperf pni pclmulqdq dtes64 monitor ds_cpl vmx est tm2 ssse3 sdbg fma cx16 xtpr pdcm pcid sse4_1 sse4_2 x2apic movbe popcnt tsc_deadline_timer aes xsave avx f16c rdrand lahf_lm abm 3dnowprefetch cpuid_fault epb invpcid_single ssbd ibrs ibpb stibp ibrs_enhanced tpr_shadow vnmi flexpriority ept vpid ept_ad fsgsbase tsc_adjust sgx bmi1 avx2 smep bmi2 erms invpcid mpx rdseed adx smap clflushopt intel_pt xsaveopt xsavec xgetbv1 xsaves dtherm ida arat pln pts hwp hwp_notify hwp_act_window hwp_epp md_clear flush_l1d arch_capabilities
Online cpus:
0-3
Offline cpus:

BIOS frequency limitation:
<Not Available>
Frequency switch latency (ns):
0
Available cpu frequencies:
<Not Available>
Current governor:
powersave
Core performance/turbo boost:
<Not Available>

Memory: 4k page, physical 15883324k(9083448k free), swap 1000444k(1000444k free)

vm_info: OpenJDK 64-Bit Server VM (11.0.14.1+1-post-Debian-1) for linux-amd64 JRE (11.0.14.1+1-post-Debian-1), built on Mar 27 2022 09:16:07 by "unknown" with gcc 11.2.0

END.
